2018-07-03 19:00:31,944 - download - INFO -  [*] Start Consumer | Mode download
2018-07-03 19:00:32,024 - download - INFO -  [*] Start Consumer | Mode download
2018-07-03 19:00:32,057 - download - INFO -  [*] Start Consumer | Mode download
2018-07-04 01:20:30,023 - download - INFO -  [*] Start Consumer | Mode download
2018-07-04 01:20:30,155 - download - INFO -  [*] Start Consumer | Mode download
2018-07-04 01:20:30,319 - download - INFO -  [*] Start Consumer | Mode download
2018-07-04 10:15:34,926 - download - INFO -  [*] Start Consumer | Mode download
2018-07-04 10:15:35,157 - download - INFO -  [*] Start Consumer | Mode download
2018-07-04 10:15:35,173 - download - INFO -  [*] Start Consumer | Mode download
2018-07-04 10:45:00,669 - download - INFO -  [*] Start Consumer | Mode download
2018-07-04 10:46:01,685 - download - INFO -  [+] Received Message b'{"method": "download", "order_id": 1, "order_num": "80-43581960", "fgis_token": "1d9deb88-8d5f-40a4-a58e-b9520430d053", "answer_queue": "answer_order"}'
2018-07-04 10:46:01,685 - download.fgis_core - INFO - start driver init
2018-07-04 10:46:03,805 - download.fgis_core - INFO - init driver ok
2018-07-04 10:46:03,814 - download.fgis_core - INFO - set window_size
2018-07-04 10:46:07,136 - download.fgis_core - INFO - open url https://rosreestr.ru/wps/portal/p/cc_present/ir_egrn
2018-07-04 10:46:07,136 - download.fgis_core - INFO - start login
2018-07-04 10:46:12,683 - download.fgis_core - INFO - finish login
2018-07-04 10:46:13,684 - download.fgis_core - INFO - getting menu links
2018-07-04 10:46:13,708 - download.fgis_core - INFO - [ok] finish init RRSurfer
2018-07-04 10:46:13,709 - download.fgis_core.downloading - INFO - [START] Start downloading doc: 80-43581960
2018-07-04 10:46:23,769 - download.fgis_core.downloading - INFO - getting search order field
2018-07-04 10:46:23,802 - download.fgis_core.downloading - INFO - fill search order field
2018-07-04 10:46:25,813 - download.fgis_core.downloading - INFO - getting search order button
2018-07-04 10:46:25,853 - download.fgis_core.downloading - INFO - search order button click
2018-07-04 10:46:27,893 - download.fgis_core.downloading - INFO - getting object item
2018-07-04 10:46:30,380 - download.fgis_core.downloading - INFO - [FINISH] Finish downloading doc: 80-43581960
2018-07-04 10:46:30,382 - download.fgis_worker - INFO - RESULT DICT
2018-07-04 10:46:31,718 - download - INFO -  [+] Received Message b'{"method": "download", "order_id": 1, "order_num": "80-43581960", "fgis_token": "1d9deb88-8d5f-40a4-a58e-b9520430d053", "answer_queue": "answer_order"}'
2018-07-04 10:46:31,718 - download.fgis_core - INFO - start driver init
2018-07-04 10:46:32,734 - download.fgis_core - INFO - init driver ok
2018-07-04 10:46:32,739 - download.fgis_core - INFO - set window_size
2018-07-04 10:46:34,712 - download.fgis_core - INFO - open url https://rosreestr.ru/wps/portal/p/cc_present/ir_egrn
2018-07-04 10:46:34,712 - download.fgis_core - INFO - start login
2018-07-04 10:46:39,962 - download.fgis_core - INFO - finish login
2018-07-04 10:46:40,965 - download.fgis_core - INFO - getting menu links
2018-07-04 10:46:40,974 - download.fgis_core - INFO - [ok] finish init RRSurfer
2018-07-04 10:46:40,974 - download.fgis_core.downloading - INFO - [START] Start downloading doc: 80-43581960
2018-07-04 10:46:51,035 - download.fgis_core.downloading - INFO - getting search order field
2018-07-04 10:46:51,078 - download.fgis_core.downloading - INFO - fill search order field
2018-07-04 10:46:53,091 - download.fgis_core.downloading - INFO - getting search order button
2018-07-04 10:46:53,143 - download.fgis_core.downloading - INFO - search order button click
2018-07-04 10:46:55,194 - download.fgis_core.downloading - INFO - getting object item
2018-07-04 10:46:55,359 - download.fgis_core.downloading - INFO - [FINISH] Finish downloading doc: 80-43581960
2018-07-04 10:46:55,360 - download.fgis_worker - INFO - RESULT DICT
2018-07-04 10:47:01,753 - download - INFO -  [+] Received Message b'{"method": "download", "order_id": 1, "order_num": "80-43581960", "fgis_token": "1d9deb88-8d5f-40a4-a58e-b9520430d053", "answer_queue": "answer_order"}'
2018-07-04 10:47:01,753 - download.fgis_core - INFO - start driver init
2018-07-04 10:47:02,773 - download.fgis_core - INFO - init driver ok
2018-07-04 10:47:02,779 - download.fgis_core - INFO - set window_size
2018-07-04 10:47:03,634 - download.fgis_core - INFO - open url https://rosreestr.ru/wps/portal/p/cc_present/ir_egrn
2018-07-04 10:47:03,635 - download.fgis_core - INFO - start login
2018-07-04 10:47:09,041 - download.fgis_core - INFO - finish login
2018-07-04 10:47:10,043 - download.fgis_core - INFO - getting menu links
2018-07-04 10:47:10,053 - download.fgis_core - INFO - [ok] finish init RRSurfer
2018-07-04 10:47:10,053 - download.fgis_core.downloading - INFO - [START] Start downloading doc: 80-43581960
2018-07-04 10:47:20,333 - download.fgis_worker - ERROR - error: unknown
2018-07-04 10:47:31,790 - download - INFO -  [+] Received Message b'{"method": "download", "order_id": 1, "order_num": "80-43581960", "fgis_token": "1d9deb88-8d5f-40a4-a58e-b9520430d053", "answer_queue": "answer_order"}'
2018-07-04 10:47:31,790 - download.fgis_core - INFO - start driver init
2018-07-04 10:47:32,816 - download.fgis_core - INFO - init driver ok
2018-07-04 10:47:32,825 - download.fgis_core - INFO - set window_size
2018-07-04 10:47:33,907 - download.fgis_core - INFO - open url https://rosreestr.ru/wps/portal/p/cc_present/ir_egrn
2018-07-04 10:47:33,907 - download.fgis_core - INFO - start login
2018-07-04 10:47:39,328 - download.fgis_core - INFO - finish login
2018-07-04 10:47:40,339 - download.fgis_core - INFO - getting menu links
2018-07-04 10:47:40,350 - download.fgis_worker - ERROR - error: unknown
2018-07-04 10:48:01,822 - download - INFO -  [+] Received Message b'{"method": "download", "order_id": 1, "order_num": "80-43581960", "fgis_token": "1d9deb88-8d5f-40a4-a58e-b9520430d053", "answer_queue": "answer_order"}'
2018-07-04 10:48:01,823 - download.fgis_core - INFO - start driver init
2018-07-04 10:48:02,841 - download.fgis_core - INFO - init driver ok
2018-07-04 10:48:02,851 - download.fgis_core - INFO - set window_size
2018-07-04 10:48:04,015 - download.fgis_core - INFO - open url https://rosreestr.ru/wps/portal/p/cc_present/ir_egrn
2018-07-04 10:48:04,015 - download.fgis_core - INFO - start login
2018-07-04 10:48:09,373 - download.fgis_core - INFO - finish login
2018-07-04 10:48:10,377 - download.fgis_core - INFO - getting menu links
2018-07-04 10:48:10,387 - download.fgis_core - INFO - [ok] finish init RRSurfer
2018-07-04 10:48:10,387 - download.fgis_core.downloading - INFO - [START] Start downloading doc: 80-43581960
2018-07-04 10:48:20,656 - download.fgis_worker - ERROR - error: unknown
2018-07-04 10:48:31,853 - download - INFO -  [+] Received Message b'{"method": "download", "order_id": 1, "order_num": "80-43581960", "fgis_token": "1d9deb88-8d5f-40a4-a58e-b9520430d053", "answer_queue": "answer_order"}'
2018-07-04 10:48:31,853 - download.fgis_core - INFO - start driver init
2018-07-04 10:48:32,875 - download.fgis_core - INFO - init driver ok
2018-07-04 10:48:32,880 - download.fgis_core - INFO - set window_size
2018-07-04 10:48:33,955 - download.fgis_core - INFO - open url https://rosreestr.ru/wps/portal/p/cc_present/ir_egrn
2018-07-04 10:48:33,955 - download.fgis_core - INFO - start login
2018-07-04 10:48:39,336 - download.fgis_core - INFO - finish login
2018-07-04 10:48:40,337 - download.fgis_core - INFO - getting menu links
2018-07-04 10:48:40,347 - download.fgis_core - INFO - [ok] finish init RRSurfer
2018-07-04 10:48:40,347 - download.fgis_core.downloading - INFO - [START] Start downloading doc: 80-43581960
2018-07-04 10:48:50,619 - download.fgis_worker - ERROR - error: unknown
2018-07-04 10:49:01,900 - download - INFO -  [+] Received Message b'{"method": "download", "order_id": 1, "order_num": "80-43581960", "fgis_token": "1d9deb88-8d5f-40a4-a58e-b9520430d053", "answer_queue": "answer_order"}'
2018-07-04 10:49:01,901 - download.fgis_core - INFO - start driver init
2018-07-04 10:49:02,926 - download.fgis_core - INFO - init driver ok
2018-07-04 10:49:02,935 - download.fgis_core - INFO - set window_size
2018-07-04 10:49:05,165 - download.fgis_core - INFO - open url https://rosreestr.ru/wps/portal/p/cc_present/ir_egrn
2018-07-04 10:49:05,165 - download.fgis_core - INFO - start login
2018-07-04 10:49:10,405 - download.fgis_core - INFO - finish login
2018-07-04 10:49:11,406 - download.fgis_core - INFO - getting menu links
2018-07-04 10:49:11,416 - download.fgis_core - INFO - [ok] finish init RRSurfer
2018-07-04 10:49:11,416 - download.fgis_core.downloading - INFO - [START] Start downloading doc: 80-43581960
2018-07-04 10:49:21,472 - download.fgis_core.downloading - INFO - getting search order field
2018-07-04 10:49:21,520 - download.fgis_core.downloading - INFO - fill search order field
2018-07-04 10:49:23,531 - download.fgis_core.downloading - INFO - getting search order button
2018-07-04 10:49:23,585 - download.fgis_core.downloading - INFO - search order button click
2018-07-04 10:49:25,614 - download.fgis_core.downloading - INFO - getting object item
2018-07-04 10:49:25,737 - download.fgis_core.downloading - INFO - [FINISH] Finish downloading doc: 80-43581960
2018-07-04 10:49:25,738 - download.fgis_worker - INFO - RESULT DICT
2018-07-04 10:49:31,945 - download - INFO -  [+] Received Message b'{"method": "download", "order_id": 1, "order_num": "80-43581960", "fgis_token": "1d9deb88-8d5f-40a4-a58e-b9520430d053", "answer_queue": "answer_order"}'
2018-07-04 10:49:31,946 - download.fgis_core - INFO - start driver init
2018-07-04 10:49:32,965 - download.fgis_core - INFO - init driver ok
2018-07-04 10:49:32,969 - download.fgis_core - INFO - set window_size
2018-07-04 10:49:34,164 - download.fgis_core - INFO - open url https://rosreestr.ru/wps/portal/p/cc_present/ir_egrn
2018-07-04 10:49:34,164 - download.fgis_core - INFO - start login
2018-07-04 10:49:39,556 - download.fgis_core - INFO - finish login
2018-07-04 10:49:40,557 - download.fgis_core - INFO - getting menu links
2018-07-04 10:49:40,567 - download.fgis_worker - ERROR - error: unknown
2018-07-04 10:50:01,981 - download - INFO -  [+] Received Message b'{"method": "download", "order_id": 1, "order_num": "80-43581960", "fgis_token": "1d9deb88-8d5f-40a4-a58e-b9520430d053", "answer_queue": "answer_order"}'
2018-07-04 10:50:01,982 - download.fgis_core - INFO - start driver init
2018-07-04 10:50:02,997 - download.fgis_core - INFO - init driver ok
2018-07-04 10:50:03,002 - download.fgis_core - INFO - set window_size
2018-07-04 10:50:04,331 - download.fgis_core - INFO - open url https://rosreestr.ru/wps/portal/p/cc_present/ir_egrn
2018-07-04 10:50:04,332 - download.fgis_core - INFO - start login
2018-07-04 10:50:09,572 - download.fgis_core - INFO - finish login
2018-07-04 10:50:10,574 - download.fgis_core - INFO - getting menu links
2018-07-04 10:50:10,598 - download.fgis_core - INFO - [ok] finish init RRSurfer
2018-07-04 10:50:10,599 - download.fgis_core.downloading - INFO - [START] Start downloading doc: 80-43581960
2018-07-04 10:50:20,858 - download.fgis_worker - ERROR - error: unknown
2018-07-04 10:59:07,041 - download - INFO -  [+] Received Message b'{"method": "download", "order_id": 1, "order_num": "80-43581960", "fgis_token": "1d9deb88-8d5f-40a4-a58e-b9520430d053", "answer_queue": "answer_order"}'
2018-07-04 10:59:07,042 - download.fgis_core - INFO - start driver init
2018-07-04 10:59:08,057 - download.fgis_core - INFO - init driver ok
2018-07-04 10:59:08,061 - download.fgis_core - INFO - set window_size
2018-07-04 10:59:10,090 - download.fgis_core - INFO - open url https://rosreestr.ru/wps/portal/p/cc_present/ir_egrn
2018-07-04 10:59:10,090 - download.fgis_core - INFO - start login
2018-07-04 10:59:15,282 - download.fgis_core - INFO - finish login
2018-07-04 10:59:16,283 - download.fgis_core - INFO - getting menu links
2018-07-04 10:59:16,292 - download.fgis_core - INFO - [ok] finish init RRSurfer
2018-07-04 10:59:16,292 - download.fgis_core.downloading - INFO - [START] Start downloading doc: 80-43581960
2018-07-04 10:59:26,343 - download.fgis_core.downloading - INFO - getting search order field
2018-07-04 10:59:26,381 - download.fgis_core.downloading - INFO - fill search order field
2018-07-04 10:59:28,394 - download.fgis_core.downloading - INFO - getting search order button
2018-07-04 10:59:28,438 - download.fgis_core.downloading - INFO - search order button click
2018-07-04 10:59:30,472 - download.fgis_core.downloading - INFO - getting object item
2018-07-04 10:59:30,600 - download.fgis_core.downloading - INFO - [FINISH] Finish downloading doc: 80-43581960
2018-07-04 10:59:30,601 - download.fgis_worker - INFO - RESULT DICT
2018-07-04 10:59:37,072 - download - INFO -  [+] Received Message b'{"method": "download", "order_id": 1, "order_num": "80-43581960", "fgis_token": "1d9deb88-8d5f-40a4-a58e-b9520430d053", "answer_queue": "answer_order"}'
2018-07-04 10:59:37,073 - download.fgis_core - INFO - start driver init
2018-07-04 10:59:38,088 - download.fgis_core - INFO - init driver ok
2018-07-04 10:59:38,093 - download.fgis_core - INFO - set window_size
2018-07-04 10:59:46,062 - download.fgis_core - INFO - open url https://rosreestr.ru/wps/portal/p/cc_present/ir_egrn
2018-07-04 10:59:46,063 - download.fgis_core - INFO - start login
2018-07-04 10:59:51,432 - download.fgis_core - INFO - finish login
2018-07-04 10:59:52,433 - download.fgis_core - INFO - getting menu links
2018-07-04 10:59:52,442 - download.fgis_core - INFO - [ok] finish init RRSurfer
2018-07-04 10:59:52,442 - download.fgis_core.downloading - INFO - [START] Start downloading doc: 80-43581960
2018-07-04 11:00:02,503 - download.fgis_core.downloading - INFO - getting search order field
2018-07-04 11:00:02,538 - download.fgis_core.downloading - INFO - fill search order field
2018-07-04 11:00:04,551 - download.fgis_core.downloading - INFO - getting search order button
2018-07-04 11:00:04,593 - download.fgis_core.downloading - INFO - search order button click
2018-07-04 11:00:06,620 - download.fgis_core.downloading - INFO - getting object item
2018-07-04 11:00:06,792 - download.fgis_core.downloading - INFO - [FINISH] Finish downloading doc: 80-43581960
2018-07-04 11:00:06,793 - download.fgis_worker - INFO - RESULT DICT
2018-07-04 11:00:07,106 - download - INFO -  [+] Received Message b'{"method": "download", "order_id": 1, "order_num": "80-43581960", "fgis_token": "1d9deb88-8d5f-40a4-a58e-b9520430d053", "answer_queue": "answer_order"}'
2018-07-04 11:00:07,106 - download.fgis_core - INFO - start driver init
2018-07-04 11:00:08,130 - download.fgis_core - INFO - init driver ok
2018-07-04 11:00:08,143 - download.fgis_core - INFO - set window_size
2018-07-04 11:00:09,111 - download.fgis_core - INFO - open url https://rosreestr.ru/wps/portal/p/cc_present/ir_egrn
2018-07-04 11:00:09,111 - download.fgis_core - INFO - start login
2018-07-04 11:00:14,538 - download.fgis_core - INFO - finish login
2018-07-04 11:00:15,539 - download.fgis_core - INFO - getting menu links
2018-07-04 11:00:15,557 - download.fgis_core - INFO - [ok] finish init RRSurfer
2018-07-04 11:00:15,558 - download.fgis_core.downloading - INFO - [START] Start downloading doc: 80-43581960
2018-07-04 11:00:25,623 - download.fgis_core.downloading - INFO - getting search order field
2018-07-04 11:00:25,666 - download.fgis_core.downloading - INFO - fill search order field
2018-07-04 11:00:27,688 - download.fgis_core.downloading - INFO - getting search order button
2018-07-04 11:00:27,779 - download.fgis_core.downloading - INFO - search order button click
2018-07-04 11:00:29,826 - download.fgis_core.downloading - INFO - getting object item
2018-07-04 11:00:29,930 - download.fgis_core.downloading - INFO - [FINISH] Finish downloading doc: 80-43581960
2018-07-04 11:00:29,932 - download.fgis_worker - INFO - RESULT DICT
2018-07-04 11:25:59,297 - download - INFO -  [+] Received Message b'{"method": "download", "order_id": 1, "order_num": "80-43581960", "fgis_token": "1d9deb88-8d5f-40a4-a58e-b9520430d053", "answer_queue": "answer_order"}'
2018-07-04 11:25:59,298 - download.fgis_core - INFO - start driver init
2018-07-04 11:26:00,322 - download.fgis_core - INFO - init driver ok
2018-07-04 11:26:00,327 - download.fgis_core - INFO - set window_size
2018-07-04 11:26:01,402 - download.fgis_core - INFO - open url https://rosreestr.ru/wps/portal/p/cc_present/ir_egrn
2018-07-04 11:26:01,402 - download.fgis_core - INFO - start login
2018-07-04 11:26:06,790 - download.fgis_core - INFO - finish login
2018-07-04 11:26:07,791 - download.fgis_core - INFO - getting menu links
2018-07-04 11:26:07,813 - download.fgis_core - INFO - [ok] finish init RRSurfer
2018-07-04 11:26:07,813 - download.fgis_core.downloading - INFO - [START] Start downloading doc: 80-43581960
2018-07-04 11:26:17,877 - download.fgis_core.downloading - INFO - getting search order field
2018-07-04 11:26:17,907 - download.fgis_core.downloading - INFO - fill search order field
2018-07-04 11:26:19,924 - download.fgis_core.downloading - INFO - getting search order button
2018-07-04 11:26:19,966 - download.fgis_core.downloading - INFO - search order button click
2018-07-04 11:26:22,005 - download.fgis_core.downloading - INFO - getting object item
2018-07-04 11:26:22,111 - download.fgis_core.downloading - INFO - [FINISH] Finish downloading doc: 80-43581960
2018-07-04 11:26:22,112 - download.fgis_worker - INFO - RESULT DICT
2018-07-04 11:26:29,319 - download - INFO -  [+] Received Message b'{"method": "download", "order_id": 1, "order_num": "80-43581960", "fgis_token": "1d9deb88-8d5f-40a4-a58e-b9520430d053", "answer_queue": "answer_order"}'
2018-07-04 11:26:29,320 - download.fgis_core - INFO - start driver init
2018-07-04 11:26:30,335 - download.fgis_core - INFO - init driver ok
2018-07-04 11:26:30,340 - download.fgis_core - INFO - set window_size
2018-07-04 11:26:32,226 - download.fgis_core - INFO - open url https://rosreestr.ru/wps/portal/p/cc_present/ir_egrn
2018-07-04 11:26:32,227 - download.fgis_core - INFO - start login
2018-07-04 11:26:37,624 - download.fgis_core - INFO - finish login
2018-07-04 11:26:38,625 - download.fgis_core - INFO - getting menu links
2018-07-04 11:26:38,646 - download.fgis_core - INFO - [ok] finish init RRSurfer
2018-07-04 11:26:38,646 - download.fgis_core.downloading - INFO - [START] Start downloading doc: 80-43581960
2018-07-04 11:26:48,710 - download.fgis_core.downloading - INFO - getting search order field
2018-07-04 11:26:48,755 - download.fgis_core.downloading - INFO - fill search order field
2018-07-04 11:26:50,767 - download.fgis_core.downloading - INFO - getting search order button
2018-07-04 11:26:50,811 - download.fgis_core.downloading - INFO - search order button click
2018-07-04 11:26:52,859 - download.fgis_core.downloading - INFO - getting object item
2018-07-04 11:26:52,996 - download.fgis_core.downloading - INFO - [FINISH] Finish downloading doc: 80-43581960
2018-07-04 11:26:52,998 - download.fgis_worker - INFO - RESULT DICT
2018-07-04 11:26:59,336 - download - INFO -  [+] Received Message b'{"method": "download", "order_id": 1, "order_num": "80-43581960", "fgis_token": "1d9deb88-8d5f-40a4-a58e-b9520430d053", "answer_queue": "answer_order"}'
2018-07-04 11:26:59,336 - download.fgis_core - INFO - start driver init
2018-07-04 11:27:00,351 - download.fgis_core - INFO - init driver ok
2018-07-04 11:27:00,355 - download.fgis_core - INFO - set window_size
2018-07-04 11:27:01,409 - download.fgis_core - INFO - open url https://rosreestr.ru/wps/portal/p/cc_present/ir_egrn
2018-07-04 11:27:01,409 - download.fgis_core - INFO - start login
2018-07-04 11:27:06,674 - download.fgis_core - INFO - finish login
2018-07-04 11:27:07,675 - download.fgis_core - INFO - getting menu links
2018-07-04 11:27:07,694 - download.fgis_core - INFO - [ok] finish init RRSurfer
2018-07-04 11:27:07,694 - download.fgis_core.downloading - INFO - [START] Start downloading doc: 80-43581960
2018-07-04 11:27:17,760 - download.fgis_core.downloading - INFO - getting search order field
2018-07-04 11:27:17,792 - download.fgis_core.downloading - INFO - fill search order field
2018-07-04 11:27:19,804 - download.fgis_core.downloading - INFO - getting search order button
2018-07-04 11:27:19,852 - download.fgis_core.downloading - INFO - search order button click
2018-07-04 11:27:21,879 - download.fgis_core.downloading - INFO - getting object item
2018-07-04 11:27:21,982 - download.fgis_core.downloading - INFO - [FINISH] Finish downloading doc: 80-43581960
2018-07-04 11:27:21,983 - download.fgis_worker - INFO - RESULT DICT
2018-07-04 11:27:21,990 - download - INFO -  [+] Received Message b'{"method": "download", "order_id": 1, "order_num": "80-43581960", "fgis_token": "1d9deb88-8d5f-40a4-a58e-b9520430d053", "answer_queue": "answer_order"}'
2018-07-04 11:27:21,990 - download.fgis_core - INFO - start driver init
2018-07-04 11:27:23,011 - download.fgis_core - INFO - init driver ok
2018-07-04 11:27:23,016 - download.fgis_core - INFO - set window_size
2018-07-04 11:27:24,119 - download.fgis_core - INFO - open url https://rosreestr.ru/wps/portal/p/cc_present/ir_egrn
2018-07-04 11:27:24,119 - download.fgis_core - INFO - start login
2018-07-04 11:27:29,344 - download.fgis_core - INFO - finish login
2018-07-04 11:27:30,346 - download.fgis_core - INFO - getting menu links
2018-07-04 11:27:30,382 - download.fgis_core - INFO - [ok] finish init RRSurfer
2018-07-04 11:27:30,382 - download.fgis_core.downloading - INFO - [START] Start downloading doc: 80-43581960
2018-07-04 11:27:40,673 - download.fgis_worker - ERROR - error: unknown
2018-07-04 11:27:40,674 - download - INFO -  [+] Received Message b'{"method": "download", "order_id": 1, "order_num": "80-43581960", "fgis_token": "1d9deb88-8d5f-40a4-a58e-b9520430d053", "answer_queue": "answer_order"}'
2018-07-04 11:27:40,674 - download.fgis_core - INFO - start driver init
2018-07-04 11:27:41,692 - download.fgis_core - INFO - init driver ok
2018-07-04 11:27:41,696 - download.fgis_core - INFO - set window_size
2018-07-04 11:27:43,884 - download.fgis_core - INFO - open url https://rosreestr.ru/wps/portal/p/cc_present/ir_egrn
2018-07-04 11:27:43,884 - download.fgis_core - INFO - start login
2018-07-04 11:27:49,206 - download.fgis_core - INFO - finish login
2018-07-04 11:27:50,207 - download.fgis_core - INFO - getting menu links
2018-07-04 11:27:50,216 - download.fgis_core - INFO - [ok] finish init RRSurfer
2018-07-04 11:27:50,217 - download.fgis_core.downloading - INFO - [START] Start downloading doc: 80-43581960
2018-07-04 11:28:00,479 - download.fgis_worker - ERROR - error: unknown
2018-07-04 11:28:00,479 - download - INFO -  [+] Received Message b'{"method": "download", "order_id": 1, "order_num": "80-43581960", "fgis_token": "1d9deb88-8d5f-40a4-a58e-b9520430d053", "answer_queue": "answer_order"}'
2018-07-04 11:28:00,479 - download.fgis_core - INFO - start driver init
2018-07-04 11:28:01,494 - download.fgis_core - INFO - init driver ok
2018-07-04 11:28:01,498 - download.fgis_core - INFO - set window_size
2018-07-04 11:28:03,602 - download.fgis_core - INFO - open url https://rosreestr.ru/wps/portal/p/cc_present/ir_egrn
2018-07-04 11:28:03,603 - download.fgis_core - INFO - start login
2018-07-04 11:28:08,935 - download.fgis_core - INFO - finish login
2018-07-04 11:28:09,936 - download.fgis_core - INFO - getting menu links
2018-07-04 11:28:09,945 - download.fgis_core - INFO - [ok] finish init RRSurfer
2018-07-04 11:28:09,947 - download.fgis_core.downloading - INFO - [START] Start downloading doc: 80-43581960
2018-07-04 11:28:20,221 - download.fgis_worker - ERROR - error: unknown
2018-07-04 11:28:20,222 - download - INFO -  [+] Received Message b'{"method": "download", "order_id": 1, "order_num": "80-43581960", "fgis_token": "1d9deb88-8d5f-40a4-a58e-b9520430d053", "answer_queue": "answer_order"}'
2018-07-04 11:28:20,223 - download.fgis_core - INFO - start driver init
2018-07-04 11:28:21,241 - download.fgis_core - INFO - init driver ok
2018-07-04 11:28:21,246 - download.fgis_core - INFO - set window_size
2018-07-04 11:28:23,914 - download.fgis_core - INFO - open url https://rosreestr.ru/wps/portal/p/cc_present/ir_egrn
2018-07-04 11:28:23,914 - download.fgis_core - INFO - start login
2018-07-04 11:28:29,162 - download.fgis_core - INFO - finish login
2018-07-04 11:28:30,164 - download.fgis_core - INFO - getting menu links
2018-07-04 11:28:30,174 - download.fgis_core - INFO - [ok] finish init RRSurfer
2018-07-04 11:28:30,175 - download.fgis_core.downloading - INFO - [START] Start downloading doc: 80-43581960
2018-07-04 11:28:40,450 - download.fgis_worker - ERROR - error: unknown
2018-07-04 11:28:40,451 - download - INFO -  [+] Received Message b'{"method": "download", "order_id": 1, "order_num": "80-43581960", "fgis_token": "1d9deb88-8d5f-40a4-a58e-b9520430d053", "answer_queue": "answer_order"}'
2018-07-04 11:28:40,451 - download.fgis_core - INFO - start driver init
2018-07-04 11:28:41,466 - download.fgis_core - INFO - init driver ok
2018-07-04 11:28:41,471 - download.fgis_core - INFO - set window_size
2018-07-04 11:28:42,961 - download.fgis_core - INFO - open url https://rosreestr.ru/wps/portal/p/cc_present/ir_egrn
2018-07-04 11:28:42,961 - download.fgis_core - INFO - start login
2018-07-04 11:28:48,162 - download.fgis_core - INFO - finish login
2018-07-04 11:28:49,162 - download.fgis_core - INFO - getting menu links
2018-07-04 11:28:49,172 - download.fgis_core - INFO - [ok] finish init RRSurfer
2018-07-04 11:28:49,172 - download.fgis_core.downloading - INFO - [START] Start downloading doc: 80-43581960
2018-07-04 11:28:59,225 - download.fgis_core.downloading - INFO - getting search order field
2018-07-04 11:28:59,256 - download.fgis_core.downloading - INFO - fill search order field
2018-07-04 11:29:01,266 - download.fgis_core.downloading - INFO - getting search order button
2018-07-04 11:29:01,308 - download.fgis_core.downloading - INFO - search order button click
2018-07-04 11:29:03,338 - download.fgis_core.downloading - INFO - getting object item
2018-07-04 11:29:03,440 - download.fgis_core.downloading - INFO - [FINISH] Finish downloading doc: 80-43581960
2018-07-04 11:29:03,441 - download.fgis_worker - INFO - RESULT DICT
2018-07-04 11:29:03,448 - download - INFO -  [+] Received Message b'{"method": "download", "order_id": 1, "order_num": "80-43581960", "fgis_token": "1d9deb88-8d5f-40a4-a58e-b9520430d053", "answer_queue": "answer_order"}'
2018-07-04 11:29:03,448 - download.fgis_core - INFO - start driver init
2018-07-04 11:29:04,465 - download.fgis_core - INFO - init driver ok
2018-07-04 11:29:04,471 - download.fgis_core - INFO - set window_size
2018-07-04 11:29:06,629 - download.fgis_core - INFO - open url https://rosreestr.ru/wps/portal/p/cc_present/ir_egrn
2018-07-04 11:29:06,629 - download.fgis_core - INFO - start login
2018-07-04 11:29:11,851 - download.fgis_core - INFO - finish login
2018-07-04 11:29:12,859 - download.fgis_core - INFO - getting menu links
2018-07-04 11:29:12,869 - download.fgis_core - INFO - [ok] finish init RRSurfer
2018-07-04 11:29:12,869 - download.fgis_core.downloading - INFO - [START] Start downloading doc: 80-43581960
2018-07-04 11:29:22,926 - download.fgis_core.downloading - INFO - getting search order field
2018-07-04 11:29:22,960 - download.fgis_core.downloading - INFO - fill search order field
2018-07-04 11:29:24,973 - download.fgis_core.downloading - INFO - getting search order button
2018-07-04 11:29:25,016 - download.fgis_core.downloading - INFO - search order button click
2018-07-04 11:29:27,045 - download.fgis_core.downloading - INFO - getting object item
2018-07-04 11:29:27,158 - download.fgis_core.downloading - INFO - [FINISH] Finish downloading doc: 80-43581960
2018-07-04 11:29:27,160 - download.fgis_worker - INFO - RESULT DICT
2018-07-04 11:34:39,322 - download - INFO -  [+] Received Message b'{"method": "download", "order_id": 1, "order_num": "80-43581960", "fgis_token": "1d9deb88-8d5f-40a4-a58e-b9520430d053", "answer_queue": "answer_order"}'
2018-07-04 11:34:39,322 - download.fgis_core - INFO - start driver init
2018-07-04 11:34:40,336 - download.fgis_core - INFO - init driver ok
2018-07-04 11:34:40,341 - download.fgis_core - INFO - set window_size
2018-07-04 11:34:41,371 - download.fgis_core - INFO - open url https://rosreestr.ru/wps/portal/p/cc_present/ir_egrn
2018-07-04 11:34:41,371 - download.fgis_core - INFO - start login
2018-07-04 11:34:46,685 - download.fgis_core - INFO - finish login
2018-07-04 11:34:47,687 - download.fgis_core - INFO - getting menu links
2018-07-04 11:34:47,697 - download.fgis_core - INFO - [ok] finish init RRSurfer
2018-07-04 11:34:47,697 - download.fgis_core.downloading - INFO - [START] Start downloading doc: 80-43581960
2018-07-04 11:34:57,750 - download.fgis_core.downloading - INFO - getting search order field
2018-07-04 11:34:57,781 - download.fgis_core.downloading - INFO - fill search order field
2018-07-04 11:34:59,793 - download.fgis_core.downloading - INFO - getting search order button
2018-07-04 11:34:59,836 - download.fgis_core.downloading - INFO - search order button click
2018-07-04 11:35:01,863 - download.fgis_core.downloading - INFO - getting object item
2018-07-04 11:35:01,977 - download.fgis_core.downloading - INFO - [FINISH] Finish downloading doc: 80-43581960
2018-07-04 11:35:01,978 - download.fgis_worker - INFO - RESULT DICT
2018-07-04 13:08:47,402 - download - INFO -  [+] Received Message b'{"method": "download", "order_id": 1, "order_num": "80-43581960", "fgis_token": "1d9deb88-8d5f-40a4-a58e-b9520430d053", "answer_queue": "answer_order"}'
2018-07-04 13:08:47,403 - download.fgis_core - INFO - start driver init
2018-07-04 13:08:48,416 - download.fgis_core - INFO - init driver ok
2018-07-04 13:08:48,420 - download.fgis_core - INFO - set window_size
2018-07-04 13:08:49,897 - download.fgis_core - INFO - open url https://rosreestr.ru/wps/portal/p/cc_present/ir_egrn
2018-07-04 13:08:49,898 - download.fgis_core - INFO - start login
2018-07-04 13:08:55,090 - download.fgis_core - INFO - finish login
2018-07-04 13:08:56,092 - download.fgis_core - INFO - getting menu links
2018-07-04 13:08:56,101 - download.fgis_core - INFO - [ok] finish init RRSurfer
2018-07-04 13:08:56,101 - download.fgis_core.downloading - INFO - [START] Start downloading doc: 80-43581960
2018-07-04 13:09:06,186 - download.fgis_core.downloading - INFO - getting search order field
2018-07-04 13:09:06,226 - download.fgis_core.downloading - INFO - fill search order field
2018-07-04 13:09:08,237 - download.fgis_core.downloading - INFO - getting search order button
2018-07-04 13:09:08,285 - download.fgis_core.downloading - INFO - search order button click
2018-07-04 13:09:10,317 - download.fgis_core.downloading - INFO - getting object item
2018-07-04 13:09:10,420 - download.fgis_core.downloading - INFO - [FINISH] Finish downloading doc: 80-43581960
2018-07-04 13:09:10,421 - download.fgis_worker - INFO - RESULT DICT
2018-07-04 13:11:26,826 - download - INFO -  [+] Received Message b'{"method": "download", "order_id": 1, "order_num": "80-43581960", "fgis_token": "1d9deb88-8d5f-40a4-a58e-b9520430d053", "answer_queue": "answer_order"}'
2018-07-04 13:11:26,826 - download.fgis_core - INFO - start driver init
2018-07-04 13:11:27,842 - download.fgis_core - INFO - init driver ok
2018-07-04 13:11:27,846 - download.fgis_core - INFO - set window_size
2018-07-04 13:11:29,009 - download.fgis_core - INFO - open url https://rosreestr.ru/wps/portal/p/cc_present/ir_egrn
2018-07-04 13:11:29,009 - download.fgis_core - INFO - start login
2018-07-04 13:11:34,227 - download.fgis_core - INFO - finish login
2018-07-04 13:11:35,237 - download.fgis_core - INFO - getting menu links
2018-07-04 13:11:35,246 - download.fgis_core - INFO - [ok] finish init RRSurfer
2018-07-04 13:11:35,246 - download.fgis_core.downloading - INFO - [START] Start downloading doc: 80-43581960
2018-07-04 13:11:45,296 - download.fgis_core.downloading - INFO - getting search order field
2018-07-04 13:11:45,328 - download.fgis_core.downloading - INFO - fill search order field
2018-07-04 13:11:47,340 - download.fgis_core.downloading - INFO - getting search order button
2018-07-04 13:11:47,381 - download.fgis_core.downloading - INFO - search order button click
2018-07-04 13:11:49,409 - download.fgis_core.downloading - INFO - getting object item
2018-07-04 13:11:49,515 - download.fgis_core.downloading - INFO - [FINISH] Finish downloading doc: 80-43581960
2018-07-04 13:11:49,517 - download.fgis_worker - INFO - RESULT DICT
2018-07-04 13:12:35,177 - download - INFO -  [+] Received Message b'{"method": "download", "order_id": 1, "order_num": "80-43581960", "fgis_token": "1d9deb88-8d5f-40a4-a58e-b9520430d053", "answer_queue": "answer_order"}'
2018-07-04 13:12:35,178 - download.fgis_core - INFO - start driver init
2018-07-04 13:12:36,204 - download.fgis_core - INFO - init driver ok
2018-07-04 13:12:36,211 - download.fgis_core - INFO - set window_size
2018-07-04 13:12:37,282 - download.fgis_core - INFO - open url https://rosreestr.ru/wps/portal/p/cc_present/ir_egrn
2018-07-04 13:12:37,282 - download.fgis_core - INFO - start login
2018-07-04 13:12:42,680 - download.fgis_core - INFO - finish login
2018-07-04 13:12:43,684 - download.fgis_core - INFO - getting menu links
2018-07-04 13:12:43,694 - download.fgis_core - INFO - [ok] finish init RRSurfer
2018-07-04 13:12:43,695 - download.fgis_core.downloading - INFO - [START] Start downloading doc: 80-43581960
2018-07-04 13:12:53,762 - download.fgis_core.downloading - INFO - getting search order field
2018-07-04 13:12:53,816 - download.fgis_core.downloading - INFO - fill search order field
2018-07-04 13:12:55,828 - download.fgis_core.downloading - INFO - getting search order button
2018-07-04 13:12:55,869 - download.fgis_core.downloading - INFO - search order button click
2018-07-04 13:12:57,901 - download.fgis_core.downloading - INFO - getting object item
2018-07-04 13:12:58,028 - download.fgis_core.downloading - INFO - [FINISH] Finish downloading doc: 80-43581960
2018-07-04 13:12:58,030 - download.fgis_worker - INFO - RESULT DICT
2018-07-04 13:18:47,498 - download - INFO -  [+] Received Message b'{"method": "download", "order_id": 1, "order_num": "80-43581960", "fgis_token": "1d9deb88-8d5f-40a4-a58e-b9520430d053", "answer_queue": "answer_order"}'
2018-07-04 13:18:47,498 - download.fgis_core - INFO - start driver init
2018-07-04 13:18:48,513 - download.fgis_core - INFO - init driver ok
2018-07-04 13:18:48,518 - download.fgis_core - INFO - set window_size
2018-07-04 13:18:49,486 - download.fgis_core - INFO - open url https://rosreestr.ru/wps/portal/p/cc_present/ir_egrn
2018-07-04 13:18:49,487 - download.fgis_core - INFO - start login
2018-07-04 13:18:54,863 - download.fgis_core - INFO - finish login
2018-07-04 13:18:55,865 - download.fgis_core - INFO - getting menu links
2018-07-04 13:18:55,882 - download.fgis_core - INFO - [ok] finish init RRSurfer
2018-07-04 13:18:55,882 - download.fgis_core.downloading - INFO - [START] Start downloading doc: 80-43581960
2018-07-04 13:19:05,946 - download.fgis_core.downloading - INFO - getting search order field
2018-07-04 13:19:05,993 - download.fgis_core.downloading - INFO - fill search order field
2018-07-04 13:19:08,011 - download.fgis_core.downloading - INFO - getting search order button
2018-07-04 13:19:08,049 - download.fgis_core.downloading - INFO - search order button click
2018-07-04 13:19:10,091 - download.fgis_core.downloading - INFO - getting object item
2018-07-04 13:19:10,258 - download.fgis_core.downloading - INFO - [FINISH] Finish downloading doc: 80-43581960
2018-07-04 13:19:10,260 - download.fgis_worker - INFO - RESULT DICT
2018-07-04 13:19:42,886 - download - INFO -  [+] Received Message b'{"method": "download", "order_id": 1, "order_num": "80-43581960", "fgis_token": "1d9deb88-8d5f-40a4-a58e-b9520430d053", "answer_queue": "answer_order"}'
2018-07-04 13:19:42,887 - download.fgis_core - INFO - start driver init
2018-07-04 13:19:43,901 - download.fgis_core - INFO - init driver ok
2018-07-04 13:19:43,905 - download.fgis_core - INFO - set window_size
2018-07-04 13:19:44,856 - download.fgis_core - INFO - open url https://rosreestr.ru/wps/portal/p/cc_present/ir_egrn
2018-07-04 13:19:44,856 - download.fgis_core - INFO - start login
2018-07-04 13:19:50,242 - download.fgis_core - INFO - finish login
2018-07-04 13:19:51,244 - download.fgis_core - INFO - getting menu links
2018-07-04 13:19:51,254 - download.fgis_core - INFO - [ok] finish init RRSurfer
2018-07-04 13:19:51,255 - download.fgis_core.downloading - INFO - [START] Start downloading doc: 80-43581960
2018-07-04 13:20:01,316 - download.fgis_core.downloading - INFO - getting search order field
2018-07-04 13:20:01,351 - download.fgis_core.downloading - INFO - fill search order field
2018-07-04 13:20:03,364 - download.fgis_core.downloading - INFO - getting search order button
2018-07-04 13:20:03,415 - download.fgis_core.downloading - INFO - search order button click
2018-07-04 13:20:05,444 - download.fgis_core.downloading - INFO - getting object item
2018-07-04 13:20:05,576 - download.fgis_core.downloading - INFO - [FINISH] Finish downloading doc: 80-43581960
2018-07-04 13:20:05,577 - download.fgis_worker - INFO - RESULT DICT
2018-07-04 13:20:44,356 - download - INFO -  [+] Received Message b'{"method": "download", "order_id": 1, "order_num": "80-43581960", "fgis_token": "1d9deb88-8d5f-40a4-a58e-b9520430d053", "answer_queue": "answer_order"}'
2018-07-04 13:20:44,356 - download.fgis_core - INFO - start driver init
2018-07-04 13:20:45,372 - download.fgis_core - INFO - init driver ok
2018-07-04 13:20:45,377 - download.fgis_core - INFO - set window_size
2018-07-04 13:20:46,406 - download.fgis_core - INFO - open url https://rosreestr.ru/wps/portal/p/cc_present/ir_egrn
2018-07-04 13:20:46,407 - download.fgis_core - INFO - start login
2018-07-04 13:20:51,621 - download.fgis_core - INFO - finish login
2018-07-04 13:20:52,623 - download.fgis_core - INFO - getting menu links
2018-07-04 13:20:52,633 - download.fgis_core - INFO - [ok] finish init RRSurfer
2018-07-04 13:20:52,633 - download.fgis_core.downloading - INFO - [START] Start downloading doc: 80-43581960
2018-07-04 13:21:02,678 - download.fgis_core.downloading - INFO - getting search order field
2018-07-04 13:21:02,721 - download.fgis_core.downloading - INFO - fill search order field
2018-07-04 13:21:04,734 - download.fgis_core.downloading - INFO - getting search order button
2018-07-04 13:21:04,789 - download.fgis_core.downloading - INFO - search order button click
2018-07-04 13:21:06,818 - download.fgis_core.downloading - INFO - getting object item
2018-07-04 13:21:06,941 - download.fgis_core.downloading - INFO - [FINISH] Finish downloading doc: 80-43581960
2018-07-04 13:21:06,943 - download.fgis_worker - INFO - RESULT DICT
2018-07-04 13:21:19,977 - download - INFO -  [+] Received Message b'{"method": "download", "order_id": 1, "order_num": "80-43581960", "fgis_token": "1d9deb88-8d5f-40a4-a58e-b9520430d053", "answer_queue": "answer_order"}'
2018-07-04 13:21:19,978 - download.fgis_core - INFO - start driver init
2018-07-04 13:21:20,993 - download.fgis_core - INFO - init driver ok
2018-07-04 13:21:20,998 - download.fgis_core - INFO - set window_size
2018-07-04 13:21:22,002 - download.fgis_core - INFO - open url https://rosreestr.ru/wps/portal/p/cc_present/ir_egrn
2018-07-04 13:21:22,002 - download.fgis_core - INFO - start login
2018-07-04 13:21:27,331 - download.fgis_core - INFO - finish login
2018-07-04 13:21:28,332 - download.fgis_core - INFO - getting menu links
2018-07-04 13:21:28,342 - download.fgis_core - INFO - [ok] finish init RRSurfer
2018-07-04 13:21:28,342 - download.fgis_core.downloading - INFO - [START] Start downloading doc: 80-43581960
2018-07-04 13:21:38,389 - download.fgis_core.downloading - INFO - getting search order field
2018-07-04 13:21:38,420 - download.fgis_core.downloading - INFO - fill search order field
2018-07-04 13:21:40,432 - download.fgis_core.downloading - INFO - getting search order button
2018-07-04 13:21:40,471 - download.fgis_core.downloading - INFO - search order button click
2018-07-04 13:21:42,500 - download.fgis_core.downloading - INFO - getting object item
2018-07-04 13:21:42,833 - download.fgis_core.downloading - INFO - [FINISH] Finish downloading doc: 80-43581960
2018-07-04 13:21:42,834 - download.fgis_worker - INFO - RESULT DICT
2018-07-04 13:23:59,517 - download - INFO -  [+] Received Message b'{"method": "download", "order_id": 1, "order_num": "80-43581960", "fgis_token": "1d9deb88-8d5f-40a4-a58e-b9520430d053", "answer_queue": "answer_order"}'
2018-07-04 13:23:59,517 - download.fgis_core - INFO - start driver init
2018-07-04 13:24:00,538 - download.fgis_core - INFO - init driver ok
2018-07-04 13:24:00,542 - download.fgis_core - INFO - set window_size
2018-07-04 13:24:02,536 - download.fgis_core - INFO - open url https://rosreestr.ru/wps/portal/p/cc_present/ir_egrn
2018-07-04 13:24:02,537 - download.fgis_core - INFO - start login
2018-07-04 13:24:07,722 - download.fgis_core - INFO - finish login
2018-07-04 13:24:08,723 - download.fgis_core - INFO - getting menu links
2018-07-04 13:24:08,732 - download.fgis_core - INFO - [ok] finish init RRSurfer
2018-07-04 13:24:08,732 - download.fgis_core.downloading - INFO - [START] Start downloading doc: 80-43581960
2018-07-04 13:24:18,991 - download.fgis_worker - ERROR - error: unknown
2018-07-04 13:24:29,521 - download - INFO -  [+] Received Message b'{"method": "download", "order_id": 1, "order_num": "80-43581960", "fgis_token": "1d9deb88-8d5f-40a4-a58e-b9520430d053", "answer_queue": "answer_order"}'
2018-07-04 13:24:29,522 - download.fgis_core - INFO - start driver init
2018-07-04 13:24:30,536 - download.fgis_core - INFO - init driver ok
2018-07-04 13:24:30,541 - download.fgis_core - INFO - set window_size
2018-07-04 13:24:31,644 - download.fgis_core - INFO - open url https://rosreestr.ru/wps/portal/p/cc_present/ir_egrn
2018-07-04 13:24:31,644 - download.fgis_core - INFO - start login
2018-07-04 13:24:36,985 - download.fgis_core - INFO - finish login
2018-07-04 13:24:37,986 - download.fgis_core - INFO - getting menu links
2018-07-04 13:24:37,995 - download.fgis_core - INFO - [ok] finish init RRSurfer
2018-07-04 13:24:37,996 - download.fgis_core.downloading - INFO - [START] Start downloading doc: 80-43581960
2018-07-04 13:24:48,047 - download.fgis_core.downloading - INFO - getting search order field
2018-07-04 13:24:48,090 - download.fgis_core.downloading - INFO - fill search order field
2018-07-04 13:24:50,111 - download.fgis_core.downloading - INFO - getting search order button
2018-07-04 13:24:50,170 - download.fgis_core.downloading - INFO - search order button click
2018-07-04 13:24:52,233 - download.fgis_core.downloading - INFO - getting object item
2018-07-04 13:24:52,336 - download.fgis_core.downloading - INFO - [FINISH] Finish downloading doc: 80-43581960
2018-07-04 13:24:52,337 - download.fgis_worker - INFO - RESULT DICT
2018-07-04 13:25:57,914 - download - INFO -  [+] Received Message b'{"method": "download", "order_id": 1, "order_num": "80-43581960", "fgis_token": "1d9deb88-8d5f-40a4-a58e-b9520430d053", "answer_queue": "answer_order"}'
2018-07-04 13:25:57,914 - download.fgis_core - INFO - start driver init
2018-07-04 13:25:58,932 - download.fgis_core - INFO - init driver ok
2018-07-04 13:25:58,937 - download.fgis_core - INFO - set window_size
2018-07-04 13:26:00,120 - download.fgis_core - INFO - open url https://rosreestr.ru/wps/portal/p/cc_present/ir_egrn
2018-07-04 13:26:00,120 - download.fgis_core - INFO - start login
2018-07-04 13:26:05,327 - download.fgis_core - INFO - finish login
2018-07-04 13:26:06,328 - download.fgis_core - INFO - getting menu links
2018-07-04 13:26:06,337 - download.fgis_core - INFO - [ok] finish init RRSurfer
2018-07-04 13:26:06,337 - download.fgis_core.downloading - INFO - [START] Start downloading doc: 80-43581960
2018-07-04 13:26:16,385 - download.fgis_core.downloading - INFO - getting search order field
2018-07-04 13:26:16,414 - download.fgis_core.downloading - INFO - fill search order field
2018-07-04 13:26:18,426 - download.fgis_core.downloading - INFO - getting search order button
2018-07-04 13:26:18,465 - download.fgis_core.downloading - INFO - search order button click
2018-07-04 13:26:20,494 - download.fgis_core.downloading - INFO - getting object item
2018-07-04 13:26:20,655 - download.fgis_core.downloading - INFO - [FINISH] Finish downloading doc: 80-43581960
2018-07-04 13:26:20,656 - download.fgis_worker - INFO - RESULT DICT
2018-07-04 13:29:40,881 - download - INFO -  [+] Received Message b'{"method": "download", "order_id": 1, "order_num": "80-43581960", "fgis_token": "1d9deb88-8d5f-40a4-a58e-b9520430d053", "answer_queue": "answer_order"}'
2018-07-04 13:29:40,882 - download.fgis_core - INFO - start driver init
2018-07-04 13:29:41,907 - download.fgis_core - INFO - init driver ok
2018-07-04 13:29:41,913 - download.fgis_core - INFO - set window_size
2018-07-04 13:29:43,387 - download.fgis_core - INFO - open url https://rosreestr.ru/wps/portal/p/cc_present/ir_egrn
2018-07-04 13:29:43,387 - download.fgis_core - INFO - start login
2018-07-04 13:29:48,633 - download.fgis_core - INFO - finish login
2018-07-04 13:29:49,634 - download.fgis_core - INFO - getting menu links
2018-07-04 13:29:49,656 - download.fgis_core - INFO - [ok] finish init RRSurfer
2018-07-04 13:29:49,657 - download.fgis_core.downloading - INFO - [START] Start downloading doc: 80-43581960
2018-07-04 13:29:59,726 - download.fgis_core.downloading - INFO - getting search order field
2018-07-04 13:29:59,777 - download.fgis_core.downloading - INFO - fill search order field
2018-07-04 13:30:01,800 - download.fgis_core.downloading - INFO - getting search order button
2018-07-04 13:30:01,847 - download.fgis_core.downloading - INFO - search order button click
2018-07-04 13:30:03,889 - download.fgis_core.downloading - INFO - getting object item
2018-07-04 13:30:04,414 - download.fgis_core.downloading - ERROR - [ERROR] downloading doc: 80-43581960
2018-07-04 13:30:04,414 - download.fgis_worker - INFO - RESULT DICT
2018-07-04 13:30:10,898 - download - INFO -  [+] Received Message b'{"method": "download", "order_id": 1, "order_num": "80-43581960", "fgis_token": "1d9deb88-8d5f-40a4-a58e-b9520430d053", "answer_queue": "answer_order"}'
2018-07-04 13:30:10,898 - download.fgis_core - INFO - start driver init
2018-07-04 13:30:11,913 - download.fgis_core - INFO - init driver ok
2018-07-04 13:30:11,917 - download.fgis_core - INFO - set window_size
2018-07-04 13:30:13,079 - download.fgis_core - INFO - open url https://rosreestr.ru/wps/portal/p/cc_present/ir_egrn
2018-07-04 13:30:13,079 - download.fgis_core - INFO - start login
2018-07-04 13:30:18,457 - download.fgis_core - INFO - finish login
2018-07-04 13:30:19,458 - download.fgis_core - INFO - getting menu links
2018-07-04 13:30:19,469 - download.fgis_core - INFO - [ok] finish init RRSurfer
2018-07-04 13:30:19,470 - download.fgis_core.downloading - INFO - [START] Start downloading doc: 80-43581960
2018-07-04 13:30:29,533 - download.fgis_core.downloading - INFO - getting search order field
2018-07-04 13:30:29,577 - download.fgis_core.downloading - INFO - fill search order field
2018-07-04 13:30:31,590 - download.fgis_core.downloading - INFO - getting search order button
2018-07-04 13:30:31,630 - download.fgis_core.downloading - INFO - search order button click
2018-07-04 13:30:33,660 - download.fgis_core.downloading - INFO - getting object item
2018-07-04 13:30:33,822 - download.fgis_core.downloading - INFO - [FINISH] Finish downloading doc: 80-43581960
2018-07-04 13:30:33,824 - download.fgis_worker - INFO - RESULT DICT
2018-07-04 13:30:40,913 - download - INFO -  [+] Received Message b'{"method": "download", "order_id": 1, "order_num": "80-43581960", "fgis_token": "1d9deb88-8d5f-40a4-a58e-b9520430d053", "answer_queue": "answer_order"}'
2018-07-04 13:30:40,913 - download.fgis_core - INFO - start driver init
2018-07-04 13:30:41,939 - download.fgis_core - INFO - init driver ok
2018-07-04 13:30:41,945 - download.fgis_core - INFO - set window_size
2018-07-04 13:30:44,499 - download.fgis_core - INFO - open url https://rosreestr.ru/wps/portal/p/cc_present/ir_egrn
2018-07-04 13:30:44,499 - download.fgis_core - INFO - start login
2018-07-04 13:30:49,761 - download.fgis_core - INFO - finish login
2018-07-04 13:30:50,863 - download.fgis_core - INFO - getting menu links
2018-07-04 13:30:50,872 - download.fgis_core - INFO - [ok] finish init RRSurfer
2018-07-04 13:30:50,872 - download.fgis_core.downloading - INFO - [START] Start downloading doc: 80-43581960
2018-07-04 13:31:00,919 - download.fgis_core.downloading - INFO - getting search order field
2018-07-04 13:31:00,950 - download.fgis_core.downloading - INFO - fill search order field
2018-07-04 13:31:02,962 - download.fgis_core.downloading - INFO - getting search order button
2018-07-04 13:31:03,001 - download.fgis_core.downloading - INFO - search order button click
2018-07-04 13:31:05,029 - download.fgis_core.downloading - INFO - getting object item
2018-07-04 13:31:06,135 - download.fgis_core.downloading - INFO - [FINISH] Finish downloading doc: 80-43581960
2018-07-04 13:31:06,136 - download.fgis_worker - INFO - RESULT DICT
2018-07-04 13:31:06,145 - download - INFO -  [+] Received Message b'{"method": "download", "order_id": 1, "order_num": "80-43581960", "fgis_token": "1d9deb88-8d5f-40a4-a58e-b9520430d053", "answer_queue": "answer_order"}'
2018-07-04 13:31:06,145 - download.fgis_core - INFO - start driver init
2018-07-04 13:31:07,167 - download.fgis_core - INFO - init driver ok
2018-07-04 13:31:07,172 - download.fgis_core - INFO - set window_size
2018-07-04 13:31:08,160 - download.fgis_core - INFO - open url https://rosreestr.ru/wps/portal/p/cc_present/ir_egrn
2018-07-04 13:31:08,160 - download.fgis_core - INFO - start login
2018-07-04 13:31:13,351 - download.fgis_core - INFO - finish login
2018-07-04 13:31:14,353 - download.fgis_core - INFO - getting menu links
2018-07-04 13:31:14,361 - download.fgis_worker - ERROR - error: unknown
2018-07-04 13:31:21,986 - download - INFO -  [+] Received Message b'{"method": "download", "order_id": 1, "order_num": "80-43581960", "fgis_token": "1d9deb88-8d5f-40a4-a58e-b9520430d053", "answer_queue": "answer_order"}'
2018-07-04 13:31:21,987 - download.fgis_core - INFO - start driver init
2018-07-04 13:31:23,014 - download.fgis_core - INFO - init driver ok
2018-07-04 13:31:23,024 - download.fgis_core - INFO - set window_size
2018-07-04 13:31:25,256 - download.fgis_core - INFO - open url https://rosreestr.ru/wps/portal/p/cc_present/ir_egrn
2018-07-04 13:31:25,256 - download.fgis_core - INFO - start login
2018-07-04 13:31:30,660 - download.fgis_core - INFO - finish login
2018-07-04 13:31:31,660 - download.fgis_core - INFO - getting menu links
2018-07-04 13:31:31,678 - download.fgis_worker - ERROR - error: unknown
2018-07-04 13:36:35,121 - download - INFO -  [+] Received Message b'{"method": "download", "order_id": 1, "order_num": "80-43581960", "fgis_token": "1d9deb88-8d5f-40a4-a58e-b9520430d053", "answer_queue": "answer_order"}'
2018-07-04 13:36:35,122 - download.fgis_core - INFO - start driver init
2018-07-04 13:36:36,151 - download.fgis_core - INFO - init driver ok
2018-07-04 13:36:36,160 - download.fgis_core - INFO - set window_size
2018-07-04 13:36:38,461 - download.fgis_core - INFO - open url https://rosreestr.ru/wps/portal/p/cc_present/ir_egrn
2018-07-04 13:36:38,461 - download.fgis_core - INFO - start login
2018-07-04 13:36:43,813 - download.fgis_core - INFO - finish login
2018-07-04 13:36:44,814 - download.fgis_core - INFO - getting menu links
2018-07-04 13:36:44,833 - download.fgis_core - INFO - [ok] finish init RRSurfer
2018-07-04 13:36:44,834 - download.fgis_core.downloading - INFO - [START] Start downloading doc: 80-43581960
2018-07-04 13:36:55,107 - download.fgis_worker - ERROR - error: unknown
2018-07-04 13:37:05,146 - download - INFO -  [+] Received Message b'{"method": "download", "order_id": 1, "order_num": "80-43581960", "fgis_token": "1d9deb88-8d5f-40a4-a58e-b9520430d053", "answer_queue": "answer_order"}'
2018-07-04 13:37:05,147 - download.fgis_core - INFO - start driver init
2018-07-04 13:37:06,166 - download.fgis_core - INFO - init driver ok
2018-07-04 13:37:06,170 - download.fgis_core - INFO - set window_size
2018-07-04 13:37:07,334 - download.fgis_core - INFO - open url https://rosreestr.ru/wps/portal/p/cc_present/ir_egrn
2018-07-04 13:37:07,334 - download.fgis_core - INFO - start login
2018-07-04 13:37:12,595 - download.fgis_core - INFO - finish login
2018-07-04 13:37:13,597 - download.fgis_core - INFO - getting menu links
2018-07-04 13:37:13,606 - download.fgis_core - INFO - [ok] finish init RRSurfer
2018-07-04 13:37:13,606 - download.fgis_core.downloading - INFO - [START] Start downloading doc: 80-43581960
2018-07-04 13:37:23,649 - download.fgis_core.downloading - INFO - getting search order field
2018-07-04 13:37:23,678 - download.fgis_core.downloading - INFO - fill search order field
2018-07-04 13:37:25,700 - download.fgis_core.downloading - INFO - getting search order button
2018-07-04 13:37:25,746 - download.fgis_core.downloading - INFO - search order button click
2018-07-04 13:37:27,792 - download.fgis_core.downloading - INFO - getting object item
2018-07-04 13:37:28,224 - download.fgis_core.downloading - INFO - [FINISH] Finish downloading doc: 80-43581960
2018-07-04 13:37:28,226 - download.fgis_worker - INFO - RESULT DICT
2018-07-04 13:41:19,059 - download - INFO -  [+] Received Message b'{"method": "download", "order_id": 1, "order_num": "80-43581960", "fgis_token": "1d9deb88-8d5f-40a4-a58e-b9520430d053", "answer_queue": "answer_order"}'
2018-07-04 13:41:19,059 - download.fgis_core - INFO - start driver init
2018-07-04 13:41:20,073 - download.fgis_core - INFO - init driver ok
2018-07-04 13:41:20,077 - download.fgis_core - INFO - set window_size
2018-07-04 13:41:23,019 - download.fgis_core - INFO - open url https://rosreestr.ru/wps/portal/p/cc_present/ir_egrn
2018-07-04 13:41:23,019 - download.fgis_core - INFO - start login
2018-07-04 13:41:28,236 - download.fgis_core - INFO - finish login
2018-07-04 13:41:29,237 - download.fgis_core - INFO - getting menu links
2018-07-04 13:41:29,246 - download.fgis_worker - ERROR - error: unknown
2018-07-04 13:41:49,078 - download - INFO -  [+] Received Message b'{"method": "download", "order_id": 1, "order_num": "80-43581960", "fgis_token": "1d9deb88-8d5f-40a4-a58e-b9520430d053", "answer_queue": "answer_order"}'
2018-07-04 13:41:49,079 - download.fgis_core - INFO - start driver init
2018-07-04 13:41:50,094 - download.fgis_core - INFO - init driver ok
2018-07-04 13:41:50,099 - download.fgis_core - INFO - set window_size
2018-07-04 13:41:51,188 - download.fgis_core - INFO - open url https://rosreestr.ru/wps/portal/p/cc_present/ir_egrn
2018-07-04 13:41:51,189 - download.fgis_core - INFO - start login
2018-07-04 13:41:56,556 - download.fgis_core - INFO - finish login
2018-07-04 13:41:57,557 - download.fgis_core - INFO - getting menu links
2018-07-04 13:41:57,566 - download.fgis_core - INFO - [ok] finish init RRSurfer
2018-07-04 13:41:57,567 - download.fgis_core.downloading - INFO - [START] Start downloading doc: 80-43581960
2018-07-04 13:42:07,616 - download.fgis_core.downloading - INFO - getting search order field
2018-07-04 13:42:07,656 - download.fgis_core.downloading - INFO - fill search order field
2018-07-04 13:42:09,676 - download.fgis_core.downloading - INFO - getting search order button
2018-07-04 13:42:09,721 - download.fgis_core.downloading - INFO - search order button click
2018-07-04 13:42:11,750 - download.fgis_core.downloading - INFO - getting object item
2018-07-04 13:42:11,862 - download.fgis_core.downloading - INFO - [FINISH] Finish downloading doc: 80-43581960
2018-07-04 13:42:11,864 - download.fgis_worker - INFO - RESULT DICT
2018-07-04 13:42:19,093 - download - INFO -  [+] Received Message b'{"method": "download", "order_id": 1, "order_num": "80-43581960", "fgis_token": "1d9deb88-8d5f-40a4-a58e-b9520430d053", "answer_queue": "answer_order"}'
2018-07-04 13:42:19,094 - download.fgis_core - INFO - start driver init
2018-07-04 13:42:20,110 - download.fgis_core - INFO - init driver ok
2018-07-04 13:42:20,115 - download.fgis_core - INFO - set window_size
2018-07-04 13:42:22,163 - download.fgis_core - INFO - open url https://rosreestr.ru/wps/portal/p/cc_present/ir_egrn
2018-07-04 13:42:22,163 - download.fgis_core - INFO - start login
2018-07-04 13:42:27,376 - download.fgis_core - INFO - finish login
2018-07-04 13:42:28,377 - download.fgis_core - INFO - getting menu links
2018-07-04 13:42:28,388 - download.fgis_core - INFO - [ok] finish init RRSurfer
2018-07-04 13:42:28,388 - download.fgis_core.downloading - INFO - [START] Start downloading doc: 80-43581960
2018-07-04 13:42:38,669 - download.fgis_worker - ERROR - error: unknown
2018-07-04 13:43:20,582 - download - INFO -  [+] Received Message b'{"method": "download", "order_id": 1, "order_num": "80-43581960", "fgis_token": "1d9deb88-8d5f-40a4-a58e-b9520430d053", "answer_queue": "answer_order"}'
2018-07-04 13:43:20,583 - download.fgis_core - INFO - start driver init
2018-07-04 13:43:21,597 - download.fgis_core - INFO - init driver ok
2018-07-04 13:43:21,601 - download.fgis_core - INFO - set window_size
2018-07-04 13:43:23,807 - download.fgis_core - INFO - open url https://rosreestr.ru/wps/portal/p/cc_present/ir_egrn
2018-07-04 13:43:23,808 - download.fgis_core - INFO - start login
2018-07-04 13:43:29,000 - download.fgis_core - INFO - finish login
2018-07-04 13:43:30,001 - download.fgis_core - INFO - getting menu links
2018-07-04 13:43:30,010 - download.fgis_core - INFO - [ok] finish init RRSurfer
2018-07-04 13:43:30,010 - download.fgis_core.downloading - INFO - [START] Start downloading doc: 80-43581960
2018-07-04 13:43:40,066 - download.fgis_core.downloading - INFO - getting search order field
2018-07-04 13:43:40,110 - download.fgis_core.downloading - INFO - fill search order field
2018-07-04 13:43:42,121 - download.fgis_core.downloading - INFO - getting search order button
2018-07-04 13:43:42,166 - download.fgis_core.downloading - INFO - search order button click
2018-07-04 13:43:44,196 - download.fgis_core.downloading - INFO - getting object item
2018-07-04 13:43:44,313 - download.fgis_core.downloading - INFO - [FINISH] Finish downloading doc: 80-43581960
2018-07-04 13:43:44,314 - download.fgis_worker - INFO - RESULT DICT
2018-07-04 13:43:50,604 - download - INFO -  [+] Received Message b'{"method": "download", "order_id": 1, "order_num": "80-43581960", "fgis_token": "1d9deb88-8d5f-40a4-a58e-b9520430d053", "answer_queue": "answer_order"}'
2018-07-04 13:43:50,605 - download.fgis_core - INFO - start driver init
2018-07-04 13:43:51,620 - download.fgis_core - INFO - init driver ok
2018-07-04 13:43:51,624 - download.fgis_core - INFO - set window_size
2018-07-04 13:43:53,690 - download.fgis_core - INFO - open url https://rosreestr.ru/wps/portal/p/cc_present/ir_egrn
2018-07-04 13:43:53,691 - download.fgis_core - INFO - start login
2018-07-04 13:43:59,120 - download.fgis_core - INFO - finish login
2018-07-04 13:44:00,121 - download.fgis_core - INFO - getting menu links
2018-07-04 13:44:00,141 - download.fgis_core - INFO - [ok] finish init RRSurfer
2018-07-04 13:44:00,143 - download.fgis_core.downloading - INFO - [START] Start downloading doc: 80-43581960
2018-07-04 13:44:10,425 - download.fgis_worker - ERROR - error: unknown
2018-07-04 13:45:10,342 - download - INFO -  [+] Received Message b'{"method": "download", "order_id": 1, "order_num": "80-43581960", "fgis_token": "1d9deb88-8d5f-40a4-a58e-b9520430d053", "answer_queue": "answer_order"}'
2018-07-04 13:45:10,342 - download.fgis_core - INFO - start driver init
2018-07-04 13:45:11,356 - download.fgis_core - INFO - init driver ok
2018-07-04 13:45:11,361 - download.fgis_core - INFO - set window_size
2018-07-04 13:45:13,426 - download.fgis_core - INFO - open url https://rosreestr.ru/wps/portal/p/cc_present/ir_egrn
2018-07-04 13:45:13,426 - download.fgis_core - INFO - start login
2018-07-04 13:45:18,778 - download.fgis_core - INFO - finish login
2018-07-04 13:45:19,785 - download.fgis_core - INFO - getting menu links
2018-07-04 13:45:19,794 - download.fgis_worker - ERROR - error: unknown
2018-07-04 13:45:40,359 - download - INFO -  [+] Received Message b'{"method": "download", "order_id": 1, "order_num": "80-43581960", "fgis_token": "1d9deb88-8d5f-40a4-a58e-b9520430d053", "answer_queue": "answer_order"}'
2018-07-04 13:45:40,359 - download.fgis_core - INFO - start driver init
2018-07-04 13:45:41,430 - download.fgis_core - INFO - init driver ok
2018-07-04 13:45:41,435 - download.fgis_core - INFO - set window_size
2018-07-04 13:45:42,366 - download.fgis_core - INFO - open url https://rosreestr.ru/wps/portal/p/cc_present/ir_egrn
2018-07-04 13:45:42,366 - download.fgis_core - INFO - start login
2018-07-04 13:45:47,720 - download.fgis_core - INFO - finish login
2018-07-04 13:45:48,725 - download.fgis_core - INFO - getting menu links
2018-07-04 13:45:48,734 - download.fgis_core - INFO - [ok] finish init RRSurfer
2018-07-04 13:45:48,734 - download.fgis_core.downloading - INFO - [START] Start downloading doc: 80-43581960
2018-07-04 13:45:58,784 - download.fgis_core.downloading - INFO - getting search order field
2018-07-04 13:45:58,826 - download.fgis_core.downloading - INFO - fill search order field
2018-07-04 13:46:00,843 - download.fgis_core.downloading - INFO - getting search order button
2018-07-04 13:46:00,887 - download.fgis_core.downloading - INFO - search order button click
2018-07-04 13:46:02,916 - download.fgis_core.downloading - INFO - getting object item
2018-07-04 13:46:03,184 - download.fgis_core.downloading - INFO - [FINISH] Finish downloading doc: 80-43581960
2018-07-04 13:46:03,185 - download.fgis_worker - INFO - RESULT DICT
2018-07-04 13:46:10,375 - download - INFO -  [+] Received Message b'{"method": "download", "order_id": 1, "order_num": "80-43581960", "fgis_token": "1d9deb88-8d5f-40a4-a58e-b9520430d053", "answer_queue": "answer_order"}'
2018-07-04 13:46:10,376 - download.fgis_core - INFO - start driver init
2018-07-04 13:46:11,391 - download.fgis_core - INFO - init driver ok
2018-07-04 13:46:11,396 - download.fgis_core - INFO - set window_size
2018-07-04 13:46:45,874 - download.fgis_core - INFO - open url https://rosreestr.ru/wps/portal/p/cc_present/ir_egrn
2018-07-04 13:46:45,875 - download.fgis_core - INFO - start login
2018-07-04 13:46:51,176 - download.fgis_core - INFO - finish login
2018-07-04 13:46:52,178 - download.fgis_core - INFO - getting menu links
2018-07-04 13:46:52,197 - download.fgis_core - INFO - [ok] finish init RRSurfer
2018-07-04 13:46:52,197 - download.fgis_core.downloading - INFO - [START] Start downloading doc: 80-43581960
2018-07-04 13:47:02,262 - download.fgis_core.downloading - INFO - getting search order field
2018-07-04 13:47:02,299 - download.fgis_core.downloading - INFO - fill search order field
2018-07-04 13:47:04,321 - download.fgis_core.downloading - INFO - getting search order button
2018-07-04 13:47:04,374 - download.fgis_core.downloading - INFO - search order button click
2018-07-04 13:47:06,423 - download.fgis_core.downloading - INFO - getting object item
2018-07-04 13:47:06,887 - download.fgis_core.downloading - INFO - [FINISH] Finish downloading doc: 80-43581960
2018-07-04 13:47:06,889 - download.fgis_worker - INFO - RESULT DICT
2018-07-04 13:51:04,879 - download - INFO -  [+] Received Message b'{"method": "download", "order_id": 1, "order_num": "80-43581960", "fgis_token": "1d9deb88-8d5f-40a4-a58e-b9520430d053", "answer_queue": "answer_order"}'
2018-07-04 13:51:04,880 - download.fgis_core - INFO - start driver init
2018-07-04 13:51:05,907 - download.fgis_core - INFO - init driver ok
2018-07-04 13:51:05,913 - download.fgis_core - INFO - set window_size
2018-07-04 13:51:20,378 - download.fgis_core - INFO - open url https://rosreestr.ru/wps/portal/p/cc_present/ir_egrn
2018-07-04 13:51:20,379 - download.fgis_core - INFO - start login
2018-07-04 13:51:25,786 - download.fgis_core - INFO - finish login
2018-07-04 13:51:26,787 - download.fgis_core - INFO - getting menu links
2018-07-04 13:51:26,805 - download.fgis_worker - ERROR - error: unknown
2018-07-04 13:51:34,905 - download - INFO -  [+] Received Message b'{"method": "download", "order_id": 1, "order_num": "80-43581960", "fgis_token": "1d9deb88-8d5f-40a4-a58e-b9520430d053", "answer_queue": "answer_order"}'
2018-07-04 13:51:34,905 - download.fgis_core - INFO - start driver init
2018-07-04 13:51:35,921 - download.fgis_core - INFO - init driver ok
2018-07-04 13:51:35,926 - download.fgis_core - INFO - set window_size
2018-07-04 13:51:44,859 - download.fgis_core - INFO - open url https://rosreestr.ru/wps/portal/p/cc_present/ir_egrn
2018-07-04 13:51:44,859 - download.fgis_core - INFO - start login
2018-07-04 13:51:50,233 - download.fgis_core - INFO - finish login
2018-07-04 13:51:51,235 - download.fgis_core - INFO - getting menu links
2018-07-04 13:51:51,246 - download.fgis_worker - ERROR - error: unknown
2018-07-04 13:52:04,945 - download - INFO -  [+] Received Message b'{"method": "download", "order_id": 1, "order_num": "80-43581960", "fgis_token": "1d9deb88-8d5f-40a4-a58e-b9520430d053", "answer_queue": "answer_order"}'
2018-07-04 13:52:04,946 - download.fgis_core - INFO - start driver init
2018-07-04 13:52:05,978 - download.fgis_core - INFO - init driver ok
2018-07-04 13:52:05,988 - download.fgis_core - INFO - set window_size
2018-07-04 13:52:07,912 - download.fgis_core - INFO - open url https://rosreestr.ru/wps/portal/p/cc_present/ir_egrn
2018-07-04 13:52:07,912 - download.fgis_core - INFO - start login
2018-07-04 13:52:13,128 - download.fgis_core - INFO - finish login
2018-07-04 13:52:14,134 - download.fgis_core - INFO - getting menu links
2018-07-04 13:52:14,142 - download.fgis_worker - ERROR - error: unknown
2018-07-04 13:52:34,965 - download - INFO -  [+] Received Message b'{"method": "download", "order_id": 1, "order_num": "80-43581960", "fgis_token": "1d9deb88-8d5f-40a4-a58e-b9520430d053", "answer_queue": "answer_order"}'
2018-07-04 13:52:34,966 - download.fgis_core - INFO - start driver init
2018-07-04 13:52:35,997 - download.fgis_core - INFO - init driver ok
2018-07-04 13:52:36,007 - download.fgis_core - INFO - set window_size
2018-07-04 13:52:36,856 - download.fgis_core - INFO - open url https://rosreestr.ru/wps/portal/p/cc_present/ir_egrn
2018-07-04 13:52:36,856 - download.fgis_core - INFO - start login
2018-07-04 13:52:42,278 - download.fgis_core - INFO - finish login
2018-07-04 13:52:43,281 - download.fgis_core - INFO - getting menu links
2018-07-04 13:52:43,290 - download.fgis_core - INFO - [ok] finish init RRSurfer
2018-07-04 13:52:43,290 - download.fgis_core.downloading - INFO - [START] Start downloading doc: 80-43581960
2018-07-04 13:52:53,578 - download.fgis_worker - ERROR - error: unknown
2018-07-04 13:56:35,622 - download - INFO -  [+] Received Message b'{"method": "download", "order_id": 1, "order_num": "80-43581960", "fgis_token": "1d9deb88-8d5f-40a4-a58e-b9520430d053", "answer_queue": "answer_order"}'
2018-07-04 13:56:35,622 - download.fgis_core - INFO - start driver init
2018-07-04 13:56:36,643 - download.fgis_core - INFO - init driver ok
2018-07-04 13:56:36,648 - download.fgis_core - INFO - set window_size
2018-07-04 13:56:38,911 - download.fgis_core - INFO - open url https://rosreestr.ru/wps/portal/p/cc_present/ir_egrn
2018-07-04 13:56:38,911 - download.fgis_core - INFO - start login
2018-07-04 13:56:44,087 - download.fgis_core - INFO - finish login
2018-07-04 13:56:45,096 - download.fgis_core - INFO - getting menu links
2018-07-04 13:56:45,105 - download.fgis_core - INFO - [ok] finish init RRSurfer
2018-07-04 13:56:45,105 - download.fgis_core.downloading - INFO - [START] Start downloading doc: 80-43581960
2018-07-04 13:56:55,364 - download.fgis_worker - ERROR - error: unknown
2018-07-04 13:57:05,641 - download - INFO -  [+] Received Message b'{"method": "download", "order_id": 1, "order_num": "80-43581960", "fgis_token": "1d9deb88-8d5f-40a4-a58e-b9520430d053", "answer_queue": "answer_order"}'
2018-07-04 13:57:05,642 - download.fgis_core - INFO - start driver init
2018-07-04 13:57:06,658 - download.fgis_core - INFO - init driver ok
2018-07-04 13:57:06,662 - download.fgis_core - INFO - set window_size
2018-07-04 13:57:08,978 - download.fgis_core - INFO - open url https://rosreestr.ru/wps/portal/p/cc_present/ir_egrn
2018-07-04 13:57:08,978 - download.fgis_core - INFO - start login
2018-07-04 13:57:14,187 - download.fgis_core - INFO - finish login
2018-07-04 13:57:15,188 - download.fgis_core - INFO - getting menu links
2018-07-04 13:57:15,198 - download.fgis_core - INFO - [ok] finish init RRSurfer
2018-07-04 13:57:15,198 - download.fgis_core.downloading - INFO - [START] Start downloading doc: 80-43581960
2018-07-04 13:57:25,243 - download.fgis_core.downloading - INFO - getting search order field
2018-07-04 13:57:25,272 - download.fgis_core.downloading - INFO - fill search order field
2018-07-04 13:57:27,284 - download.fgis_core.downloading - INFO - getting search order button
2018-07-04 13:57:27,322 - download.fgis_core.downloading - INFO - search order button click
2018-07-04 13:57:29,352 - download.fgis_core.downloading - INFO - getting object item
2018-07-04 13:57:29,477 - download.fgis_core.downloading - INFO - [FINISH] Finish downloading doc: 80-43581960
2018-07-04 13:57:29,478 - download.fgis_worker - INFO - RESULT DICT
2018-07-04 13:57:35,656 - download - INFO -  [+] Received Message b'{"method": "download", "order_id": 1, "order_num": "80-43581960", "fgis_token": "1d9deb88-8d5f-40a4-a58e-b9520430d053", "answer_queue": "answer_order"}'
2018-07-04 13:57:35,656 - download.fgis_core - INFO - start driver init
2018-07-04 13:57:36,673 - download.fgis_core - INFO - init driver ok
2018-07-04 13:57:36,677 - download.fgis_core - INFO - set window_size
2018-07-04 13:57:37,670 - download.fgis_core - INFO - open url https://rosreestr.ru/wps/portal/p/cc_present/ir_egrn
2018-07-04 13:57:37,670 - download.fgis_core - INFO - start login
2018-07-04 13:57:43,012 - download.fgis_core - INFO - finish login
2018-07-04 13:57:44,016 - download.fgis_core - INFO - getting menu links
2018-07-04 13:57:44,024 - download.fgis_core - INFO - [ok] finish init RRSurfer
2018-07-04 13:57:44,025 - download.fgis_core.downloading - INFO - [START] Start downloading doc: 80-43581960
2018-07-04 13:57:54,069 - download.fgis_core.downloading - INFO - getting search order field
2018-07-04 13:57:54,098 - download.fgis_core.downloading - INFO - fill search order field
2018-07-04 13:57:56,117 - download.fgis_core.downloading - INFO - getting search order button
2018-07-04 13:57:56,157 - download.fgis_core.downloading - INFO - search order button click
2018-07-04 13:57:58,190 - download.fgis_core.downloading - INFO - getting object item
2018-07-04 13:57:58,314 - download.fgis_core.downloading - INFO - [FINISH] Finish downloading doc: 80-43581960
2018-07-04 13:57:58,315 - download.fgis_worker - INFO - RESULT DICT
2018-07-04 13:58:05,677 - download - INFO -  [+] Received Message b'{"method": "download", "order_id": 1, "order_num": "80-43581960", "fgis_token": "1d9deb88-8d5f-40a4-a58e-b9520430d053", "answer_queue": "answer_order"}'
2018-07-04 13:58:05,678 - download.fgis_core - INFO - start driver init
2018-07-04 13:58:06,692 - download.fgis_core - INFO - init driver ok
2018-07-04 13:58:06,697 - download.fgis_core - INFO - set window_size
2018-07-04 13:58:07,683 - download.fgis_core - INFO - open url https://rosreestr.ru/wps/portal/p/cc_present/ir_egrn
2018-07-04 13:58:07,684 - download.fgis_core - INFO - start login
2018-07-04 13:58:13,008 - download.fgis_core - INFO - finish login
2018-07-04 13:58:14,012 - download.fgis_core - INFO - getting menu links
2018-07-04 13:58:14,021 - download.fgis_worker - ERROR - error: unknown
2018-07-04 13:58:35,693 - download - INFO -  [+] Received Message b'{"method": "download", "order_id": 1, "order_num": "80-43581960", "fgis_token": "1d9deb88-8d5f-40a4-a58e-b9520430d053", "answer_queue": "answer_order"}'
2018-07-04 13:58:35,693 - download.fgis_core - INFO - start driver init
2018-07-04 13:58:36,708 - download.fgis_core - INFO - init driver ok
2018-07-04 13:58:36,712 - download.fgis_core - INFO - set window_size
2018-07-04 13:58:38,939 - download.fgis_core - INFO - open url https://rosreestr.ru/wps/portal/p/cc_present/ir_egrn
2018-07-04 13:58:38,939 - download.fgis_core - INFO - start login
2018-07-04 13:58:44,137 - download.fgis_core - INFO - finish login
2018-07-04 13:58:45,140 - download.fgis_core - INFO - getting menu links
2018-07-04 13:58:45,150 - download.fgis_core - INFO - [ok] finish init RRSurfer
2018-07-04 13:58:45,150 - download.fgis_core.downloading - INFO - [START] Start downloading doc: 80-43581960
2018-07-04 13:58:55,200 - download.fgis_core.downloading - INFO - getting search order field
2018-07-04 13:58:55,229 - download.fgis_core.downloading - INFO - fill search order field
2018-07-04 13:58:57,242 - download.fgis_core.downloading - INFO - getting search order button
2018-07-04 13:58:57,280 - download.fgis_core.downloading - INFO - search order button click
2018-07-04 13:58:59,307 - download.fgis_core.downloading - INFO - getting object item
2018-07-04 13:58:59,418 - download.fgis_core.downloading - INFO - [FINISH] Finish downloading doc: 80-43581960
2018-07-04 13:58:59,419 - download.fgis_worker - INFO - RESULT DICT
2018-07-04 13:58:59,426 - download - INFO -  [+] Received Message b'{"method": "download", "order_id": 1, "order_num": "80-43581960", "fgis_token": "1d9deb88-8d5f-40a4-a58e-b9520430d053", "answer_queue": "answer_order"}'
2018-07-04 13:58:59,426 - download.fgis_core - INFO - start driver init
2018-07-04 13:59:00,442 - download.fgis_core - INFO - init driver ok
2018-07-04 13:59:00,447 - download.fgis_core - INFO - set window_size
2018-07-04 13:59:02,623 - download.fgis_core - INFO - open url https://rosreestr.ru/wps/portal/p/cc_present/ir_egrn
2018-07-04 13:59:02,624 - download.fgis_core - INFO - start login
2018-07-04 13:59:07,933 - download.fgis_core - INFO - finish login
2018-07-04 13:59:08,935 - download.fgis_core - INFO - getting menu links
2018-07-04 13:59:08,944 - download.fgis_core - INFO - [ok] finish init RRSurfer
2018-07-04 13:59:08,944 - download.fgis_core.downloading - INFO - [START] Start downloading doc: 80-43581960
2018-07-04 13:59:18,991 - download.fgis_core.downloading - INFO - getting search order field
2018-07-04 13:59:19,020 - download.fgis_core.downloading - INFO - fill search order field
2018-07-04 13:59:21,033 - download.fgis_core.downloading - INFO - getting search order button
2018-07-04 13:59:21,072 - download.fgis_core.downloading - INFO - search order button click
2018-07-04 13:59:23,127 - download.fgis_core.downloading - INFO - getting object item
2018-07-04 13:59:23,226 - download.fgis_core.downloading - INFO - [FINISH] Finish downloading doc: 80-43581960
2018-07-04 13:59:23,227 - download.fgis_worker - INFO - RESULT DICT
2018-07-04 14:00:10,016 - download - INFO -  [+] Received Message b'{"method": "download", "order_id": 1, "order_num": "80-43581960", "fgis_token": "1d9deb88-8d5f-40a4-a58e-b9520430d053", "answer_queue": "answer_order"}'
2018-07-04 14:00:10,017 - download.fgis_core - INFO - start driver init
2018-07-04 14:00:11,032 - download.fgis_core - INFO - init driver ok
2018-07-04 14:00:11,036 - download.fgis_core - INFO - set window_size
2018-07-04 14:00:12,669 - download.fgis_core - INFO - open url https://rosreestr.ru/wps/portal/p/cc_present/ir_egrn
2018-07-04 14:00:12,670 - download.fgis_core - INFO - start login
2018-07-04 14:00:17,866 - download.fgis_core - INFO - finish login
2018-07-04 14:00:18,872 - download.fgis_core - INFO - getting menu links
2018-07-04 14:00:18,881 - download.fgis_core - INFO - [ok] finish init RRSurfer
2018-07-04 14:00:18,882 - download.fgis_core.downloading - INFO - [START] Start downloading doc: 80-43581960
2018-07-04 14:00:28,930 - download.fgis_core.downloading - INFO - getting search order field
2018-07-04 14:00:28,959 - download.fgis_core.downloading - INFO - fill search order field
2018-07-04 14:00:30,971 - download.fgis_core.downloading - INFO - getting search order button
2018-07-04 14:00:31,011 - download.fgis_core.downloading - INFO - search order button click
2018-07-04 14:00:33,046 - download.fgis_core.downloading - INFO - getting object item
2018-07-04 14:00:33,268 - download.fgis_core.downloading - INFO - [FINISH] Finish downloading doc: 80-43581960
2018-07-04 14:00:33,269 - download.fgis_worker - INFO - RESULT DICT
2018-07-04 14:30:34,980 - download - INFO -  [+] Received Message b'{"method": "download", "order_id": 1, "order_num": "80-43581960", "fgis_token": "1d9deb88-8d5f-40a4-a58e-b9520430d053", "answer_queue": "answer_order"}'
2018-07-04 14:30:34,980 - download.fgis_core - INFO - start driver init
2018-07-04 14:30:35,995 - download.fgis_core - INFO - init driver ok
2018-07-04 14:30:36,000 - download.fgis_core - INFO - set window_size
2018-07-04 14:30:37,164 - download.fgis_core - INFO - open url https://rosreestr.ru/wps/portal/p/cc_present/ir_egrn
2018-07-04 14:30:37,165 - download.fgis_core - INFO - start login
2018-07-04 14:30:42,364 - download.fgis_core - INFO - finish login
2018-07-04 14:30:43,365 - download.fgis_core - INFO - getting menu links
2018-07-04 14:30:43,374 - download.fgis_core - INFO - [ok] finish init RRSurfer
2018-07-04 14:30:43,374 - download.fgis_core.downloading - INFO - [START] Start downloading doc: 80-43581960
2018-07-04 14:30:53,424 - download.fgis_core.downloading - INFO - getting search order field
2018-07-04 14:30:53,455 - download.fgis_core.downloading - INFO - fill search order field
2018-07-04 14:30:55,467 - download.fgis_core.downloading - INFO - getting search order button
2018-07-04 14:30:55,505 - download.fgis_core.downloading - INFO - search order button click
2018-07-04 14:30:57,535 - download.fgis_core.downloading - INFO - getting object item
2018-07-04 14:30:57,648 - download.fgis_core.downloading - INFO - [FINISH] Finish downloading doc: 80-43581960
2018-07-04 14:30:57,649 - download.fgis_worker - INFO - RESULT DICT
2018-07-04 15:00:26,037 - download - INFO -  [+] Received Message b'{"method": "download", "order_id": 1, "order_num": "80-43581960", "fgis_token": "1d9deb88-8d5f-40a4-a58e-b9520430d053", "answer_queue": "answer_order"}'
2018-07-04 15:00:26,037 - download.fgis_core - INFO - start driver init
2018-07-04 15:00:27,051 - download.fgis_core - INFO - init driver ok
2018-07-04 15:00:27,056 - download.fgis_core - INFO - set window_size
2018-07-04 15:00:28,993 - download.fgis_core - INFO - open url https://rosreestr.ru/wps/portal/p/cc_present/ir_egrn
2018-07-04 15:00:28,994 - download.fgis_core - INFO - start login
2018-07-04 15:00:34,243 - download.fgis_core - INFO - finish login
2018-07-04 15:00:35,243 - download.fgis_core - INFO - getting menu links
2018-07-04 15:00:35,263 - download.fgis_core - INFO - [ok] finish init RRSurfer
2018-07-04 15:00:35,264 - download.fgis_core.downloading - INFO - [START] Start downloading doc: 80-43581960
2018-07-04 15:00:45,325 - download.fgis_core.downloading - INFO - getting search order field
2018-07-04 15:00:45,360 - download.fgis_core.downloading - INFO - fill search order field
2018-07-04 15:00:47,372 - download.fgis_core.downloading - INFO - getting search order button
2018-07-04 15:00:47,413 - download.fgis_core.downloading - INFO - search order button click
2018-07-04 15:00:49,444 - download.fgis_core.downloading - INFO - getting object item
2018-07-04 15:00:49,583 - download.fgis_core.downloading - INFO - [FINISH] Finish downloading doc: 80-43581960
2018-07-04 15:00:49,584 - download.fgis_worker - INFO - RESULT DICT
