[13:33:43][INFO] order fgis_consumer.py:run:36 |  [*] Start Consumer | Mode order
[13:35:12][INFO] order fgis_consumer.py:run:36 |  [*] Start Consumer | Mode order
[13:35:54][INFO] order fgis_consumer.py:run:36 |  [*] Start Consumer | Mode order
[13:36:22][INFO] order fgis_consumer.py:run:36 |  [*] Start Consumer | Mode order
[13:36:53][INFO] order fgis_consumer.py:run:36 |  [*] Start Consumer 123123| Mode order
[14:03:38][INFO] order fgis_consumer.py:run:36 |  [*] Start Consumer | Mode order
[18:07:18][INFO] order fgis_consumer.py:run:36 |  [*] Start Consumer | Mode order
[18:07:19][INFO] order fgis_consumer.py:run:36 |  [*] Start Consumer | Mode order
[19:00:39][INFO] order fgis_consumer.py:run:36 |  [*] Start Consumer | Mode order
[22:34:38][INFO] order fgis_consumer.py:run:36 |  [*] Start Consumer | Mode order
[22:34:38][INFO] order fgis_consumer.py:run:36 |  [*] Start Consumer | Mode order
[22:34:38][INFO] order fgis_consumer.py:run:36 |  [*] Start Consumer | Mode order
[01:22:26][INFO] order fgis_consumer.py:run:36 |  [*] Start Consumer | Mode order
[01:22:26][INFO] order fgis_consumer.py:run:36 |  [*] Start Consumer | Mode order
[01:22:26][INFO] order fgis_consumer.py:run:36 |  [*] Start Consumer | Mode order
[04:32:40][INFO] order fgis_consumer.py:run:36 |  [*] Start Consumer | Mode order
[04:32:42][INFO] order fgis_consumer.py:run:36 |  [*] Start Consumer | Mode order
[04:32:42][INFO] order fgis_consumer.py:run:36 |  [*] Start Consumer | Mode order
[09:55:31][INFO] order fgis_consumer.py:run:36 |  [*] Start Consumer | Mode order
[09:55:31][INFO] order fgis_consumer.py:run:36 |  [*] Start Consumer | Mode order
[09:55:31][INFO] order fgis_consumer.py:run:36 |  [*] Start Consumer | Mode order
[10:20:39][INFO] order fgis_consumer.py:run:36 |  [*] Start Consumer | Mode order
[10:20:40][INFO] order fgis_consumer.py:run:36 |  [*] Start Consumer | Mode order
[10:20:40][INFO] order fgis_consumer.py:run:36 |  [*] Start Consumer | Mode order
[14:53:27][INFO] order fgis_consumer.py:run:36 |  [*] Start Consumer | Mode order
[14:53:30][INFO] order fgis_consumer.py:run:36 |  [*] Start Consumer | Mode order
[14:53:32][INFO] order fgis_consumer.py:run:36 |  [*] Start Consumer | Mode order
[15:02:46][INFO] order fgis_consumer.py:run:36 |  [*] Start Consumer | Mode order
[15:12:10][INFO] order fgis_consumer.py:run:36 |  [*] Start Consumer | Mode order
[15:23:02][INFO] order fgis_consumer.py:run:36 |  [*] Start Consumer | Mode order
[15:24:08][INFO] order fgis_consumer.py:run:36 |  [*] Start Consumer | Mode order
[15:31:42][INFO] order fgis_consumer.py:run:36 |  [*] Start Consumer | Mode order
[15:31:58][INFO] order fgis_consumer.py:receiver:40 |  [+] Received Message b'{"order_id": 5, "method": "to_order", "cad_num": "01:06:2500009:259", "fgis_token": "1d9deb88-8d5f-40a4-a58e-b9520430d053", "answer_queue": "answer_order"}'
[15:31:58][INFO] order.fgis_core fgis_core.py:init_driver:25 | start driver init
[15:32:00][INFO] order.fgis_core fgis_core.py:init_driver:27 | init driver ok
[15:32:01][INFO] order.fgis_core fgis_core.py:init_driver:29 | set window_size
[15:32:02][INFO] order.fgis_core fgis_core.py:init_driver:31 | open url https://rosreestr.ru/wps/portal/p/cc_present/ir_egrn
[15:32:02][INFO] order.fgis_core fgis_core.py:init_driver:33 | start login
[15:32:07][INFO] order.fgis_core fgis_core.py:init_driver:35 | finish login
[15:32:10][INFO] order.fgis_core fgis_core.py:init_driver:39 | getting menu links
[15:32:10][INFO] order.fgis_core fgis_core.py:init_driver:46 | [ok] finish init RRSurfer
[15:32:11][INFO] order.fgis_core.ordering ordering.py:order_document:10 | [START] Start ordering document: 01:06:2500009:259
[15:32:11][ERROR] order.fgis_core.ordering ordering.py:order_document:26 | region name: Республика Адыгея
[15:33:50][INFO] order fgis_consumer.py:run:36 |  [*] Start Consumer | Mode order
[15:33:50][INFO] order fgis_consumer.py:receiver:40 |  [+] Received Message b'{"order_id": 5, "method": "to_order", "cad_num": "01:06:2500009:259", "fgis_token": "1d9deb88-8d5f-40a4-a58e-b9520430d053", "answer_queue": "answer_order"}'
[15:33:50][INFO] order.fgis_core fgis_core.py:init_driver:25 | start driver init
[15:33:51][INFO] order.fgis_core fgis_core.py:init_driver:27 | init driver ok
[15:33:51][INFO] order.fgis_core fgis_core.py:init_driver:29 | set window_size
[15:33:54][INFO] order.fgis_core fgis_core.py:init_driver:31 | open url https://rosreestr.ru/wps/portal/p/cc_present/ir_egrn
[15:33:54][INFO] order.fgis_core fgis_core.py:init_driver:33 | start login
[15:33:59][INFO] order.fgis_core fgis_core.py:init_driver:35 | finish login
[15:34:02][INFO] order.fgis_core fgis_core.py:init_driver:39 | getting menu links
[15:34:02][INFO] order.fgis_core fgis_core.py:init_driver:46 | [ok] finish init RRSurfer
[15:34:02][INFO] order.fgis_core.ordering ordering.py:order_document:10 | [START] Start ordering document: 01:06:2500009:259
[15:34:02][ERROR] order.fgis_core.ordering ordering.py:order_document:26 | region name: Республика Адыгея
[15:35:05][INFO] order fgis_consumer.py:run:36 |  [*] Start Consumer | Mode order
[15:35:05][INFO] order fgis_consumer.py:receiver:40 |  [+] Received Message b'{"order_id": 5, "method": "to_order", "cad_num": "01:06:2500009:259", "fgis_token": "1d9deb88-8d5f-40a4-a58e-b9520430d053", "answer_queue": "answer_order"}'
[15:35:05][INFO] order.fgis_core fgis_core.py:init_driver:25 | start driver init
[15:35:06][INFO] order.fgis_core fgis_core.py:init_driver:27 | init driver ok
[15:35:06][INFO] order.fgis_core fgis_core.py:init_driver:29 | set window_size
[15:35:07][INFO] order.fgis_core fgis_core.py:init_driver:31 | open url https://rosreestr.ru/wps/portal/p/cc_present/ir_egrn
[15:35:07][INFO] order.fgis_core fgis_core.py:init_driver:33 | start login
[15:35:12][INFO] order.fgis_core fgis_core.py:init_driver:35 | finish login
[15:35:15][INFO] order.fgis_core fgis_core.py:init_driver:39 | getting menu links
[15:40:43][INFO] order fgis_consumer.py:run:36 |  [*] Start Consumer | Mode order
[15:40:43][INFO] order fgis_consumer.py:receiver:40 |  [+] Received Message b'{"order_id": 5, "method": "to_order", "cad_num": "01:06:2500009:259", "fgis_token": "1d9deb88-8d5f-40a4-a58e-b9520430d053", "answer_queue": "answer_order"}'
[15:40:43][INFO] order.fgis_core fgis_core.py:init_driver:25 | start driver init
[15:40:44][INFO] order.fgis_core fgis_core.py:init_driver:27 | init driver ok
[15:40:44][INFO] order.fgis_core fgis_core.py:init_driver:29 | set window_size
[15:40:46][INFO] order.fgis_core fgis_core.py:init_driver:31 | open url https://rosreestr.ru/wps/portal/p/cc_present/ir_egrn
[15:40:46][INFO] order.fgis_core fgis_core.py:init_driver:33 | start login
[15:40:51][INFO] order.fgis_core fgis_core.py:init_driver:35 | finish login
[15:40:51][INFO] order.fgis_core fgis_core.py:init_driver:38 | getting menu links
[15:43:27][INFO] order fgis_consumer.py:run:36 |  [*] Start Consumer | Mode order
[15:43:27][INFO] order fgis_consumer.py:receiver:40 |  [+] Received Message b'{"order_id": 5, "method": "to_order", "cad_num": "01:06:2500009:259", "fgis_token": "1d9deb88-8d5f-40a4-a58e-b9520430d053", "answer_queue": "answer_order"}'
[15:43:27][INFO] order.fgis_core fgis_core.py:init_driver:25 | start driver init
[15:43:28][INFO] order.fgis_core fgis_core.py:init_driver:27 | init driver ok
[15:43:28][INFO] order.fgis_core fgis_core.py:init_driver:29 | set window_size
[15:43:29][INFO] order.fgis_core fgis_core.py:init_driver:31 | open url https://rosreestr.ru/wps/portal/p/cc_present/ir_egrn
[15:43:29][INFO] order.fgis_core fgis_core.py:init_driver:33 | start login
[15:43:35][INFO] order.fgis_core fgis_core.py:init_driver:35 | finish login
[15:43:35][INFO] order.fgis_core fgis_core.py:init_driver:38 | getting menu links
[15:43:36][INFO] order.fgis_core fgis_core.py:init_driver:44 | [ok] finish init RRSurfer
[15:43:36][INFO] order.fgis_core.ordering ordering.py:order_document:10 | [START] Start ordering document: 01:06:2500009:259
[15:46:38][INFO] order fgis_consumer.py:run:36 |  [*] Start Consumer | Mode order
[15:46:38][INFO] order fgis_consumer.py:receiver:40 |  [+] Received Message b'{"order_id": 5, "method": "to_order", "cad_num": "01:06:2500009:259", "fgis_token": "1d9deb88-8d5f-40a4-a58e-b9520430d053", "answer_queue": "answer_order"}'
[15:46:38][INFO] order.fgis_core fgis_core.py:init_driver:25 | start driver init
[15:46:40][INFO] order.fgis_core fgis_core.py:init_driver:27 | init driver ok
[15:46:40][INFO] order.fgis_core fgis_core.py:init_driver:29 | set window_size
[15:46:40][INFO] order.fgis_core fgis_core.py:init_driver:31 | open url https://rosreestr.ru/wps/portal/p/cc_present/ir_egrn
[15:46:40][INFO] order.fgis_core fgis_core.py:init_driver:33 | start login
[15:46:46][INFO] order.fgis_core fgis_core.py:init_driver:35 | finish login
[15:46:46][INFO] order.fgis_core fgis_core.py:init_driver:38 | getting menu links
[15:46:47][INFO] order.fgis_core fgis_core.py:init_driver:44 | [ok] finish init RRSurfer
[15:46:47][INFO] order.fgis_core.ordering ordering.py:order_document:10 | [START] Start ordering document: 01:06:2500009:259
[15:48:42][INFO] order fgis_consumer.py:run:36 |  [*] Start Consumer | Mode order
[15:48:42][INFO] order fgis_consumer.py:receiver:40 |  [+] Received Message b'{"order_id": 5, "method": "to_order", "cad_num": "01:06:2500009:259", "fgis_token": "1d9deb88-8d5f-40a4-a58e-b9520430d053", "answer_queue": "answer_order"}'
[15:48:42][INFO] order.fgis_core fgis_core.py:init_driver:25 | start driver init
[15:48:43][INFO] order.fgis_core fgis_core.py:init_driver:27 | init driver ok
[15:48:43][INFO] order.fgis_core fgis_core.py:init_driver:29 | set window_size
[15:48:44][INFO] order.fgis_core fgis_core.py:init_driver:31 | open url https://rosreestr.ru/wps/portal/p/cc_present/ir_egrn
[15:48:44][INFO] order.fgis_core fgis_core.py:init_driver:33 | start login
[15:48:50][INFO] order.fgis_core fgis_core.py:init_driver:35 | finish login
[15:48:50][INFO] order.fgis_core fgis_core.py:init_driver:38 | getting menu links
[15:48:51][INFO] order.fgis_core fgis_core.py:init_driver:44 | [ok] finish init RRSurfer
[15:48:51][INFO] order.fgis_core.ordering ordering.py:order_document:10 | [START] Start ordering document: 01:06:2500009:259
[15:50:28][INFO] order fgis_consumer.py:run:36 |  [*] Start Consumer | Mode order
[15:50:28][INFO] order fgis_consumer.py:receiver:40 |  [+] Received Message b'{"order_id": 5, "method": "to_order", "cad_num": "01:06:2500009:259", "fgis_token": "1d9deb88-8d5f-40a4-a58e-b9520430d053", "answer_queue": "answer_order"}'
[15:50:28][INFO] order.fgis_core fgis_core.py:init_driver:25 | start driver init
[15:50:29][INFO] order.fgis_core fgis_core.py:init_driver:27 | init driver ok
[15:50:29][INFO] order.fgis_core fgis_core.py:init_driver:29 | set window_size
[15:50:30][INFO] order.fgis_core fgis_core.py:init_driver:31 | open url https://rosreestr.ru/wps/portal/p/cc_present/ir_egrn
[15:50:30][INFO] order.fgis_core fgis_core.py:init_driver:33 | start login
[15:50:35][INFO] order.fgis_core fgis_core.py:init_driver:35 | finish login
[15:50:35][INFO] order.fgis_core fgis_core.py:init_driver:38 | getting menu links
[15:50:39][INFO] order fgis_consumer.py:run:36 |  [*] Start Consumer | Mode order
[15:50:39][INFO] order fgis_consumer.py:receiver:40 |  [+] Received Message b'{"order_id": 5, "method": "to_order", "cad_num": "01:06:2500009:259", "fgis_token": "1d9deb88-8d5f-40a4-a58e-b9520430d053", "answer_queue": "answer_order"}'
[15:50:39][INFO] order.fgis_core fgis_core.py:init_driver:25 | start driver init
[15:50:41][INFO] order.fgis_core fgis_core.py:init_driver:27 | init driver ok
[15:50:41][INFO] order.fgis_core fgis_core.py:init_driver:29 | set window_size
[15:50:41][INFO] order.fgis_core fgis_core.py:init_driver:31 | open url https://rosreestr.ru/wps/portal/p/cc_present/ir_egrn
[15:50:41][INFO] order.fgis_core fgis_core.py:init_driver:33 | start login
[15:50:47][INFO] order.fgis_core fgis_core.py:init_driver:35 | finish login
[15:50:47][INFO] order.fgis_core fgis_core.py:init_driver:38 | getting menu links
[15:52:34][INFO] order fgis_consumer.py:run:36 |  [*] Start Consumer | Mode order
[15:52:34][INFO] order fgis_consumer.py:receiver:40 |  [+] Received Message b'{"order_id": 5, "method": "to_order", "cad_num": "01:06:2500009:259", "fgis_token": "1d9deb88-8d5f-40a4-a58e-b9520430d053", "answer_queue": "answer_order"}'
[15:52:34][INFO] order.fgis_core fgis_core.py:init_driver:25 | start driver init
[15:52:35][INFO] order.fgis_core fgis_core.py:init_driver:27 | init driver ok
[15:52:35][INFO] order.fgis_core fgis_core.py:init_driver:29 | set window_size
[15:52:37][INFO] order.fgis_core fgis_core.py:init_driver:31 | open url https://rosreestr.ru/wps/portal/p/cc_present/ir_egrn
[15:52:37][INFO] order.fgis_core fgis_core.py:init_driver:33 | start login
[15:52:42][INFO] order.fgis_core fgis_core.py:init_driver:35 | finish login
[15:52:42][INFO] order.fgis_core fgis_core.py:init_driver:38 | getting menu links
[15:52:43][INFO] order.fgis_core fgis_core.py:init_driver:44 | [ok] finish init RRSurfer
[15:52:43][INFO] order.fgis_core.ordering ordering.py:order_document:10 | [START] Start ordering document: 01:06:2500009:259
[15:53:45][INFO] order fgis_consumer.py:run:36 |  [*] Start Consumer | Mode order
[15:53:45][INFO] order fgis_consumer.py:receiver:40 |  [+] Received Message b'{"order_id": 5, "method": "to_order", "cad_num": "01:06:2500009:259", "fgis_token": "1d9deb88-8d5f-40a4-a58e-b9520430d053", "answer_queue": "answer_order"}'
[15:53:45][INFO] order.fgis_core fgis_core.py:init_driver:25 | start driver init
[15:53:46][INFO] order.fgis_core fgis_core.py:init_driver:27 | init driver ok
[15:53:46][INFO] order.fgis_core fgis_core.py:init_driver:29 | set window_size
[15:53:50][INFO] order.fgis_core fgis_core.py:init_driver:31 | open url https://rosreestr.ru/wps/portal/p/cc_present/ir_egrn
[15:53:50][INFO] order.fgis_core fgis_core.py:init_driver:33 | start login
[15:53:55][INFO] order.fgis_core fgis_core.py:init_driver:35 | finish login
[15:53:55][INFO] order.fgis_core fgis_core.py:init_driver:38 | getting menu links
[15:53:56][INFO] order.fgis_core fgis_core.py:init_driver:45 | [ok] finish init RRSurfer
[15:53:56][INFO] order.fgis_core.ordering ordering.py:order_document:10 | [START] Start ordering document: 01:06:2500009:259
[15:55:22][INFO] order fgis_consumer.py:run:36 |  [*] Start Consumer | Mode order
[15:55:22][INFO] order fgis_consumer.py:receiver:40 |  [+] Received Message b'{"order_id": 5, "method": "to_order", "cad_num": "01:06:2500009:259", "fgis_token": "1d9deb88-8d5f-40a4-a58e-b9520430d053", "answer_queue": "answer_order"}'
[15:55:22][INFO] order.fgis_core fgis_core.py:init_driver:25 | start driver init
[15:55:23][INFO] order.fgis_core fgis_core.py:init_driver:27 | init driver ok
[15:55:23][INFO] order.fgis_core fgis_core.py:init_driver:29 | set window_size
[15:55:24][INFO] order.fgis_core fgis_core.py:init_driver:31 | open url https://rosreestr.ru/wps/portal/p/cc_present/ir_egrn
[15:55:24][INFO] order.fgis_core fgis_core.py:init_driver:33 | start login
[15:55:29][INFO] order.fgis_core fgis_core.py:init_driver:35 | finish login
[15:55:29][INFO] order.fgis_core fgis_core.py:init_driver:38 | getting menu links
[15:55:31][INFO] order.fgis_core fgis_core.py:init_driver:45 | [ok] finish init RRSurfer
[15:55:31][INFO] order.fgis_core.ordering ordering.py:order_document:10 | [START] Start ordering document: 01:06:2500009:259
[15:56:55][INFO] order fgis_consumer.py:run:36 |  [*] Start Consumer | Mode order
[15:56:55][INFO] order fgis_consumer.py:receiver:40 |  [+] Received Message b'{"order_id": 5, "method": "to_order", "cad_num": "01:06:2500009:259", "fgis_token": "1d9deb88-8d5f-40a4-a58e-b9520430d053", "answer_queue": "answer_order"}'
[15:56:55][INFO] order.fgis_core fgis_core.py:init_driver:25 | start driver init
[15:56:56][INFO] order.fgis_core fgis_core.py:init_driver:27 | init driver ok
[15:56:56][INFO] order.fgis_core fgis_core.py:init_driver:29 | set window_size
[15:56:57][INFO] order.fgis_core fgis_core.py:init_driver:31 | open url https://rosreestr.ru/wps/portal/p/cc_present/ir_egrn
[15:56:57][INFO] order.fgis_core fgis_core.py:init_driver:33 | start login
[15:57:02][INFO] order.fgis_core fgis_core.py:init_driver:35 | finish login
[15:57:02][INFO] order.fgis_core fgis_core.py:init_driver:38 | getting menu links
[15:57:03][INFO] order.fgis_core fgis_core.py:init_driver:44 | [ok] finish init RRSurfer
[15:57:03][INFO] order.fgis_core.ordering ordering.py:order_document:10 | [START] Start ordering document: 01:06:2500009:259
[15:59:43][INFO] order fgis_consumer.py:run:36 |  [*] Start Consumer | Mode order
[15:59:43][INFO] order fgis_consumer.py:receiver:40 |  [+] Received Message b'{"order_id": 5, "method": "to_order", "cad_num": "01:06:2500009:259", "fgis_token": "1d9deb88-8d5f-40a4-a58e-b9520430d053", "answer_queue": "answer_order"}'
[15:59:43][INFO] order.fgis_core fgis_core.py:init_driver:25 | start driver init
[15:59:44][INFO] order.fgis_core fgis_core.py:init_driver:27 | init driver ok
[15:59:44][INFO] order.fgis_core fgis_core.py:init_driver:29 | set window_size
[15:59:45][INFO] order.fgis_core fgis_core.py:init_driver:31 | open url https://rosreestr.ru/wps/portal/p/cc_present/ir_egrn
[15:59:45][INFO] order.fgis_core fgis_core.py:init_driver:33 | start login
[15:59:50][INFO] order.fgis_core fgis_core.py:init_driver:35 | finish login
[15:59:53][INFO] order.fgis_core fgis_core.py:init_driver:39 | getting menu links
[15:59:53][INFO] order.fgis_core fgis_core.py:init_driver:46 | [ok] finish init RRSurfer
[15:59:53][INFO] order.fgis_core.ordering ordering.py:order_document:10 | [START] Start ordering document: 01:06:2500009:259
[15:59:54][ERROR] order.fgis_core.ordering ordering.py:order_document:28 | region name: Республика Адыгея
[16:12:37][INFO] order fgis_consumer.py:run:36 |  [*] Start Consumer | Mode order
[16:12:37][INFO] order fgis_consumer.py:receiver:40 |  [+] Received Message b'{"order_id": 5, "method": "to_order", "cad_num": "01:06:2500009:259", "fgis_token": "1d9deb88-8d5f-40a4-a58e-b9520430d053", "answer_queue": "answer_order"}'
[16:12:37][INFO] order.fgis_core fgis_core.py:init_driver:25 | start driver init
[16:12:38][INFO] order.fgis_core fgis_core.py:init_driver:27 | init driver ok
[16:12:38][INFO] order.fgis_core fgis_core.py:init_driver:29 | set window_size
[16:12:40][INFO] order.fgis_core fgis_core.py:init_driver:31 | open url https://rosreestr.ru/wps/portal/p/cc_present/ir_egrn
[16:12:40][INFO] order.fgis_core fgis_core.py:init_driver:33 | start login
[16:12:46][INFO] order.fgis_core fgis_core.py:init_driver:35 | finish login
[16:12:49][INFO] order.fgis_core fgis_core.py:init_driver:39 | getting menu links
[16:12:49][INFO] order.fgis_core fgis_core.py:init_driver:46 | [ok] finish init RRSurfer
[16:12:49][INFO] order.fgis_core.ordering ordering.py:order_document:10 | [START] Start ordering document: 01:06:2500009:259
[16:12:49][INFO] order.fgis_core.ordering ordering.py:order_document:28 | region name: Республика Адыгея
[16:14:56][INFO] order fgis_consumer.py:run:36 |  [*] Start Consumer | Mode order
[16:14:56][INFO] order fgis_consumer.py:receiver:40 |  [+] Received Message b'{"order_id": 5, "method": "to_order", "cad_num": "01:06:2500009:259", "fgis_token": "1d9deb88-8d5f-40a4-a58e-b9520430d053", "answer_queue": "answer_order"}'
[16:14:56][INFO] order.fgis_core fgis_core.py:init_driver:25 | start driver init
[16:14:57][INFO] order.fgis_core fgis_core.py:init_driver:27 | init driver ok
[16:14:57][INFO] order.fgis_core fgis_core.py:init_driver:29 | set window_size
[16:14:59][INFO] order.fgis_core fgis_core.py:init_driver:31 | open url https://rosreestr.ru/wps/portal/p/cc_present/ir_egrn
[16:14:59][INFO] order.fgis_core fgis_core.py:init_driver:33 | start login
[16:15:04][INFO] order.fgis_core fgis_core.py:init_driver:35 | finish login
[16:15:07][INFO] order.fgis_core fgis_core.py:init_driver:39 | getting menu links
[16:15:07][INFO] order.fgis_core fgis_core.py:init_driver:46 | [ok] finish init RRSurfer
[16:15:07][INFO] order.fgis_core.ordering ordering.py:order_document:10 | [START] Start ordering document: 01:06:2500009:259
[16:15:07][INFO] order.fgis_core.ordering ordering.py:order_document:28 | region name: Республика Адыгея
[16:18:23][INFO] order fgis_consumer.py:run:36 |  [*] Start Consumer | Mode order
[16:18:23][INFO] order fgis_consumer.py:receiver:40 |  [+] Received Message b'{"order_id": 5, "method": "to_order", "cad_num": "01:06:2500009:259", "fgis_token": "1d9deb88-8d5f-40a4-a58e-b9520430d053", "answer_queue": "answer_order"}'
[16:18:23][INFO] order.fgis_core fgis_core.py:init_driver:25 | start driver init
[16:18:24][INFO] order.fgis_core fgis_core.py:init_driver:27 | init driver ok
[16:18:24][INFO] order.fgis_core fgis_core.py:init_driver:29 | set window_size
[16:18:27][INFO] order.fgis_core fgis_core.py:init_driver:31 | open url https://rosreestr.ru/wps/portal/p/cc_present/ir_egrn
[16:18:27][INFO] order.fgis_core fgis_core.py:init_driver:33 | start login
[16:18:32][INFO] order.fgis_core fgis_core.py:init_driver:35 | finish login
[16:18:35][INFO] order.fgis_core fgis_core.py:init_driver:39 | getting menu links
[16:18:35][INFO] order.fgis_core fgis_core.py:init_driver:46 | [ok] finish init RRSurfer
[16:18:35][INFO] order.fgis_core.ordering ordering.py:order_document:10 | [START] Start ordering document: 01:06:2500009:259
[16:18:36][INFO] order.fgis_core.ordering ordering.py:order_document:28 | region name: Республика Адыгея
[16:25:59][INFO] order fgis_consumer.py:run:36 |  [*] Start Consumer | Mode order
[16:25:59][INFO] order fgis_consumer.py:receiver:40 |  [+] Received Message b'{"order_id": 5, "method": "to_order", "cad_num": "01:06:2500009:259", "fgis_token": "1d9deb88-8d5f-40a4-a58e-b9520430d053", "answer_queue": "answer_order"}'
[16:25:59][INFO] order.fgis_core fgis_core.py:init_driver:25 | start driver init
[16:26:00][INFO] order.fgis_core fgis_core.py:init_driver:27 | init driver ok
[16:26:00][INFO] order.fgis_core fgis_core.py:init_driver:29 | set window_size
[16:26:02][INFO] order.fgis_core fgis_core.py:init_driver:31 | open url https://rosreestr.ru/wps/portal/p/cc_present/ir_egrn
[16:26:02][INFO] order.fgis_core fgis_core.py:init_driver:33 | start login
[16:26:07][INFO] order.fgis_core fgis_core.py:init_driver:35 | finish login
[16:26:10][INFO] order.fgis_core fgis_core.py:init_driver:39 | getting menu links
[16:26:10][INFO] order.fgis_core fgis_core.py:init_driver:46 | [ok] finish init RRSurfer
[16:26:10][INFO] order.fgis_core.ordering ordering.py:order_document:10 | [START] Start ordering document: 01:06:2500009:259
[16:26:11][INFO] order.fgis_core.ordering ordering.py:order_document:28 | region name: Республика Адыгея
[16:26:15][INFO] order.fgis_core.ordering ordering.py:order_document:60 | [FINISH] Finish ordering document: 01:06:2500009:259
[16:26:15][INFO] order.fgis_worker fgis_worker.py:to_order:55 | RESULT DICT
[16:33:15][INFO] order fgis_consumer.py:run:36 |  [*] Start Consumer | Mode order
[16:33:39][INFO] order fgis_consumer.py:receiver:40 |  [+] Received Message b'{"order_id": 6, "method": "to_order", "cad_num": "01:06:2500009:259", "fgis_token": "1d9deb88-8d5f-40a4-a58e-b9520430d053", "answer_queue": "answer_order"}'
[16:33:39][INFO] order.fgis_core fgis_core.py:init_driver:25 | start driver init
[16:33:40][INFO] order.fgis_core fgis_core.py:init_driver:27 | init driver ok
[16:33:41][INFO] order.fgis_core fgis_core.py:init_driver:29 | set window_size
[16:33:43][INFO] order.fgis_core fgis_core.py:init_driver:31 | open url https://rosreestr.ru/wps/portal/p/cc_present/ir_egrn
[16:33:43][INFO] order.fgis_core fgis_core.py:init_driver:33 | start login
[16:33:48][INFO] order.fgis_core fgis_core.py:init_driver:35 | finish login
[16:33:48][INFO] order.fgis_core fgis_core.py:init_driver:38 | getting menu links
[16:33:49][INFO] order.fgis_core fgis_core.py:init_driver:44 | [ok] finish init RRSurfer
[16:33:49][INFO] order.fgis_core.ordering ordering.py:order_document:10 | [START] Start ordering document: 01:06:2500009:259
[16:36:15][INFO] order fgis_consumer.py:run:36 |  [*] Start Consumer | Mode order
[16:36:15][INFO] order fgis_consumer.py:receiver:40 |  [+] Received Message b'{"order_id": 6, "method": "to_order", "cad_num": "01:06:2500009:259", "fgis_token": "1d9deb88-8d5f-40a4-a58e-b9520430d053", "answer_queue": "answer_order"}'
[16:36:15][INFO] order.fgis_core fgis_core.py:init_driver:25 | start driver init
[16:36:16][INFO] order.fgis_core fgis_core.py:init_driver:27 | init driver ok
[16:36:16][INFO] order.fgis_core fgis_core.py:init_driver:29 | set window_size
[16:36:17][INFO] order.fgis_core fgis_core.py:init_driver:31 | open url https://rosreestr.ru/wps/portal/p/cc_present/ir_egrn
[16:36:17][INFO] order.fgis_core fgis_core.py:init_driver:33 | start login
[16:36:22][INFO] order.fgis_core fgis_core.py:init_driver:35 | finish login
[16:36:22][INFO] order.fgis_core fgis_core.py:init_driver:38 | getting menu links
[16:36:23][INFO] order.fgis_core fgis_core.py:init_driver:48 | [ok] finish init RRSurfer
[16:36:23][INFO] order.fgis_core.ordering ordering.py:order_document:10 | [START] Start ordering document: 01:06:2500009:259
[16:39:25][INFO] order fgis_consumer.py:run:36 |  [*] Start Consumer | Mode order
[16:39:25][INFO] order fgis_consumer.py:receiver:40 |  [+] Received Message b'{"order_id": 6, "method": "to_order", "cad_num": "01:06:2500009:259", "fgis_token": "1d9deb88-8d5f-40a4-a58e-b9520430d053", "answer_queue": "answer_order"}'
[16:39:25][INFO] order.fgis_core fgis_core.py:init_driver:25 | start driver init
[16:39:26][INFO] order.fgis_core fgis_core.py:init_driver:27 | init driver ok
[16:39:26][INFO] order.fgis_core fgis_core.py:init_driver:29 | set window_size
[16:39:28][INFO] order.fgis_core fgis_core.py:init_driver:31 | open url https://rosreestr.ru/wps/portal/p/cc_present/ir_egrn
[16:39:28][INFO] order.fgis_core fgis_core.py:init_driver:33 | start login
[16:39:34][INFO] order.fgis_core fgis_core.py:init_driver:35 | finish login
[16:39:34][INFO] order.fgis_core fgis_core.py:init_driver:38 | getting menu links
[16:39:35][INFO] order.fgis_core fgis_core.py:init_driver:48 | [ok] finish init RRSurfer
[16:39:35][INFO] order.fgis_core.ordering ordering.py:order_document:11 | [START] Start ordering document: 01:06:2500009:259
[16:42:16][INFO] order fgis_consumer.py:run:36 |  [*] Start Consumer | Mode order
[16:42:16][INFO] order fgis_consumer.py:receiver:40 |  [+] Received Message b'{"order_id": 6, "method": "to_order", "cad_num": "01:06:2500009:259", "fgis_token": "1d9deb88-8d5f-40a4-a58e-b9520430d053", "answer_queue": "answer_order"}'
[16:42:16][INFO] order.fgis_core fgis_core.py:init_driver:25 | start driver init
[16:42:17][INFO] order.fgis_core fgis_core.py:init_driver:27 | init driver ok
[16:42:17][INFO] order.fgis_core fgis_core.py:init_driver:29 | set window_size
[16:42:19][INFO] order.fgis_core fgis_core.py:init_driver:31 | open url https://rosreestr.ru/wps/portal/p/cc_present/ir_egrn
[16:42:19][INFO] order.fgis_core fgis_core.py:init_driver:33 | start login
[16:42:24][INFO] order.fgis_core fgis_core.py:init_driver:35 | finish login
[16:42:24][INFO] order.fgis_core fgis_core.py:init_driver:38 | getting menu links
[16:42:25][INFO] order.fgis_core fgis_core.py:init_driver:48 | [ok] finish init RRSurfer
[16:42:25][INFO] order.fgis_core.ordering ordering.py:order_document:11 | [START] Start ordering document: 01:06:2500009:259
[16:45:21][INFO] order fgis_consumer.py:run:36 |  [*] Start Consumer | Mode order
[16:45:21][INFO] order fgis_consumer.py:receiver:40 |  [+] Received Message b'{"order_id": 6, "method": "to_order", "cad_num": "01:06:2500009:259", "fgis_token": "1d9deb88-8d5f-40a4-a58e-b9520430d053", "answer_queue": "answer_order"}'
[16:45:21][INFO] order.fgis_core fgis_core.py:init_driver:25 | start driver init
[16:45:22][INFO] order.fgis_core fgis_core.py:init_driver:27 | init driver ok
[16:45:22][INFO] order.fgis_core fgis_core.py:init_driver:29 | set window_size
[16:45:24][INFO] order.fgis_core fgis_core.py:init_driver:31 | open url https://rosreestr.ru/wps/portal/p/cc_present/ir_egrn
[16:45:24][INFO] order.fgis_core fgis_core.py:init_driver:33 | start login
[16:45:29][INFO] order.fgis_core fgis_core.py:init_driver:35 | finish login
[16:45:32][INFO] order.fgis_core fgis_core.py:init_driver:39 | getting menu links
[16:45:47][INFO] order fgis_consumer.py:run:36 |  [*] Start Consumer | Mode order
[16:45:47][INFO] order fgis_consumer.py:receiver:40 |  [+] Received Message b'{"order_id": 6, "method": "to_order", "cad_num": "01:06:2500009:259", "fgis_token": "1d9deb88-8d5f-40a4-a58e-b9520430d053", "answer_queue": "answer_order"}'
[16:45:47][INFO] order.fgis_core fgis_core.py:init_driver:25 | start driver init
[16:45:48][INFO] order.fgis_core fgis_core.py:init_driver:27 | init driver ok
[16:45:48][INFO] order.fgis_core fgis_core.py:init_driver:29 | set window_size
[16:45:50][INFO] order.fgis_core fgis_core.py:init_driver:31 | open url https://rosreestr.ru/wps/portal/p/cc_present/ir_egrn
[16:45:50][INFO] order.fgis_core fgis_core.py:init_driver:33 | start login
[16:45:55][INFO] order.fgis_core fgis_core.py:init_driver:35 | finish login
[16:45:58][INFO] order.fgis_core fgis_core.py:init_driver:39 | getting menu links
[16:45:58][INFO] order.fgis_core fgis_core.py:init_driver:46 | [ok] finish init RRSurfer
[16:45:58][INFO] order.fgis_core.ordering ordering.py:order_document:10 | [START] Start ordering document: 01:06:2500009:259
[16:48:05][INFO] order fgis_consumer.py:run:36 |  [*] Start Consumer | Mode order
[16:48:05][INFO] order fgis_consumer.py:receiver:40 |  [+] Received Message b'{"order_id": 6, "method": "to_order", "cad_num": "01:06:2500009:259", "fgis_token": "1d9deb88-8d5f-40a4-a58e-b9520430d053", "answer_queue": "answer_order"}'
[16:48:05][INFO] order.fgis_core fgis_core.py:init_driver:25 | start driver init
[16:48:06][INFO] order.fgis_core fgis_core.py:init_driver:27 | init driver ok
[16:48:06][INFO] order.fgis_core fgis_core.py:init_driver:29 | set window_size
[16:48:08][INFO] order.fgis_core fgis_core.py:init_driver:31 | open url https://rosreestr.ru/wps/portal/p/cc_present/ir_egrn
[16:48:08][INFO] order.fgis_core fgis_core.py:init_driver:33 | start login
[16:48:14][INFO] order.fgis_core fgis_core.py:init_driver:35 | finish login
[16:48:17][INFO] order.fgis_core fgis_core.py:init_driver:39 | getting menu links
[16:48:17][INFO] order.fgis_core fgis_core.py:init_driver:46 | [ok] finish init RRSurfer
[16:48:17][INFO] order.fgis_core.ordering ordering.py:order_document:10 | [START] Start ordering document: 01:06:2500009:259
[16:52:45][INFO] order fgis_consumer.py:run:36 |  [*] Start Consumer | Mode order
[16:52:45][INFO] order fgis_consumer.py:receiver:40 |  [+] Received Message b'{"order_id": 6, "method": "to_order", "cad_num": "01:06:2500009:259", "fgis_token": "1d9deb88-8d5f-40a4-a58e-b9520430d053", "answer_queue": "answer_order"}'
[16:52:45][INFO] order.fgis_core fgis_core.py:init_driver:25 | start driver init
[16:52:46][INFO] order.fgis_core fgis_core.py:init_driver:27 | init driver ok
[16:52:46][INFO] order.fgis_core fgis_core.py:init_driver:29 | set window_size
[16:52:49][INFO] order.fgis_core fgis_core.py:init_driver:31 | open url https://rosreestr.ru/wps/portal/p/cc_present/ir_egrn
[16:52:49][INFO] order.fgis_core fgis_core.py:init_driver:33 | start login
[16:52:54][INFO] order.fgis_core fgis_core.py:init_driver:35 | finish login
[16:52:57][INFO] order.fgis_core fgis_core.py:init_driver:39 | getting menu links
[16:52:57][INFO] order.fgis_core fgis_core.py:init_driver:46 | [ok] finish init RRSurfer
[16:52:57][INFO] order.fgis_core.ordering ordering.py:order_document:10 | [START] Start ordering document: 01:06:2500009:259
[17:01:08][INFO] order fgis_consumer.py:run:36 |  [*] Start Consumer | Mode order
[17:01:08][INFO] order fgis_consumer.py:receiver:40 |  [+] Received Message b'{"order_id": 6, "method": "to_order", "cad_num": "01:06:2500009:259", "fgis_token": "1d9deb88-8d5f-40a4-a58e-b9520430d053", "answer_queue": "answer_order"}'
[17:01:08][INFO] order.fgis_core fgis_core.py:init_driver:25 | start driver init
[17:01:09][INFO] order.fgis_core fgis_core.py:init_driver:27 | init driver ok
[17:01:09][INFO] order.fgis_core fgis_core.py:init_driver:29 | set window_size
[17:01:10][INFO] order.fgis_core fgis_core.py:init_driver:31 | open url https://rosreestr.ru/wps/portal/p/cc_present/ir_egrn
[17:01:10][INFO] order.fgis_core fgis_core.py:init_driver:33 | start login
[17:01:15][INFO] order.fgis_core fgis_core.py:init_driver:35 | finish login
[17:01:18][INFO] order.fgis_core fgis_core.py:init_driver:39 | getting menu links
[17:01:18][INFO] order.fgis_core fgis_core.py:init_driver:46 | [ok] finish init RRSurfer
[17:01:18][INFO] order.fgis_core.ordering ordering.py:order_document:10 | [START] Start ordering document: 01:06:2500009:259
[17:01:55][INFO] order fgis_consumer.py:run:36 |  [*] Start Consumer | Mode order
[17:01:55][INFO] order fgis_consumer.py:receiver:40 |  [+] Received Message b'{"order_id": 6, "method": "to_order", "cad_num": "01:06:2500009:259", "fgis_token": "1d9deb88-8d5f-40a4-a58e-b9520430d053", "answer_queue": "answer_order"}'
[17:01:55][INFO] order.fgis_core fgis_core.py:init_driver:25 | start driver init
[17:01:56][INFO] order.fgis_core fgis_core.py:init_driver:27 | init driver ok
[17:01:56][INFO] order.fgis_core fgis_core.py:init_driver:29 | set window_size
[17:01:57][INFO] order.fgis_core fgis_core.py:init_driver:31 | open url https://rosreestr.ru/wps/portal/p/cc_present/ir_egrn
[17:01:57][INFO] order.fgis_core fgis_core.py:init_driver:33 | start login
[17:02:02][INFO] order.fgis_core fgis_core.py:init_driver:35 | finish login
[17:02:05][INFO] order.fgis_core fgis_core.py:init_driver:39 | getting menu links
[17:02:05][INFO] order.fgis_core fgis_core.py:init_driver:46 | [ok] finish init RRSurfer
[17:02:05][INFO] order.fgis_core.ordering ordering.py:order_document:10 | [START] Start ordering document: 01:06:2500009:259
[17:02:06][INFO] order.fgis_core.ordering ordering.py:order_document:27 | region name: Республика Адыгея
[17:05:04][INFO] order fgis_consumer.py:run:36 |  [*] Start Consumer | Mode order
[17:05:04][INFO] order fgis_consumer.py:receiver:40 |  [+] Received Message b'{"order_id": 6, "method": "to_order", "cad_num": "01:06:2500009:259", "fgis_token": "1d9deb88-8d5f-40a4-a58e-b9520430d053", "answer_queue": "answer_order"}'
[17:05:04][INFO] order.fgis_core fgis_core.py:init_driver:25 | start driver init
[17:05:06][INFO] order.fgis_core fgis_core.py:init_driver:27 | init driver ok
[17:05:06][INFO] order.fgis_core fgis_core.py:init_driver:29 | set window_size
[17:05:07][INFO] order.fgis_core fgis_core.py:init_driver:31 | open url https://rosreestr.ru/wps/portal/p/cc_present/ir_egrn
[17:05:07][INFO] order.fgis_core fgis_core.py:init_driver:33 | start login
[17:05:12][INFO] order.fgis_core fgis_core.py:init_driver:35 | finish login
[17:05:15][INFO] order.fgis_core fgis_core.py:init_driver:39 | getting menu links
[17:05:15][INFO] order.fgis_core fgis_core.py:init_driver:46 | [ok] finish init RRSurfer
[17:05:15][INFO] order.fgis_core.ordering ordering.py:order_document:10 | [START] Start ordering document: 01:06:2500009:259
[17:05:16][INFO] order.fgis_core.ordering ordering.py:order_document:27 | region name: Республика Адыгея
[17:07:37][INFO] order fgis_consumer.py:run:36 |  [*] Start Consumer | Mode order
[17:07:37][INFO] order fgis_consumer.py:receiver:40 |  [+] Received Message b'{"order_id": 6, "method": "to_order", "cad_num": "01:06:2500009:259", "fgis_token": "1d9deb88-8d5f-40a4-a58e-b9520430d053", "answer_queue": "answer_order"}'
[17:07:37][INFO] order.fgis_core fgis_core.py:init_driver:25 | start driver init
[17:07:38][INFO] order.fgis_core fgis_core.py:init_driver:27 | init driver ok
[17:07:38][INFO] order.fgis_core fgis_core.py:init_driver:29 | set window_size
[17:07:39][INFO] order.fgis_core fgis_core.py:init_driver:31 | open url https://rosreestr.ru/wps/portal/p/cc_present/ir_egrn
[17:07:39][INFO] order.fgis_core fgis_core.py:init_driver:33 | start login
[17:07:45][INFO] order.fgis_core fgis_core.py:init_driver:35 | finish login
[17:07:48][INFO] order.fgis_core fgis_core.py:init_driver:39 | getting menu links
[17:07:48][INFO] order.fgis_core fgis_core.py:init_driver:46 | [ok] finish init RRSurfer
[17:07:48][INFO] order.fgis_core.ordering ordering.py:order_document:10 | [START] Start ordering document: 01:06:2500009:259
[17:07:48][INFO] order.fgis_core.ordering ordering.py:order_document:27 | region name: Республика Адыгея
[17:09:35][INFO] order fgis_consumer.py:run:36 |  [*] Start Consumer | Mode order
[17:09:35][INFO] order fgis_consumer.py:receiver:40 |  [+] Received Message b'{"order_id": 6, "method": "to_order", "cad_num": "01:06:2500009:259", "fgis_token": "1d9deb88-8d5f-40a4-a58e-b9520430d053", "answer_queue": "answer_order"}'
[17:09:35][INFO] order.fgis_core fgis_core.py:init_driver:25 | start driver init
[17:09:36][INFO] order.fgis_core fgis_core.py:init_driver:27 | init driver ok
[17:09:36][INFO] order.fgis_core fgis_core.py:init_driver:29 | set window_size
[17:09:37][INFO] order.fgis_core fgis_core.py:init_driver:31 | open url https://rosreestr.ru/wps/portal/p/cc_present/ir_egrn
[17:09:37][INFO] order.fgis_core fgis_core.py:init_driver:33 | start login
[17:09:43][INFO] order.fgis_core fgis_core.py:init_driver:35 | finish login
[17:09:46][INFO] order.fgis_core fgis_core.py:init_driver:39 | getting menu links
[17:09:46][INFO] order.fgis_core fgis_core.py:init_driver:46 | [ok] finish init RRSurfer
[17:09:46][INFO] order.fgis_core.ordering ordering.py:order_document:10 | [START] Start ordering document: 01:06:2500009:259
[17:09:46][INFO] order.fgis_core.ordering ordering.py:order_document:27 | region name: Республика Адыгея
[17:11:35][INFO] order fgis_consumer.py:run:36 |  [*] Start Consumer | Mode order
[17:11:35][INFO] order fgis_consumer.py:receiver:40 |  [+] Received Message b'{"order_id": 6, "method": "to_order", "cad_num": "01:06:2500009:259", "fgis_token": "1d9deb88-8d5f-40a4-a58e-b9520430d053", "answer_queue": "answer_order"}'
[17:11:35][INFO] order.fgis_core fgis_core.py:init_driver:25 | start driver init
[17:11:36][INFO] order.fgis_core fgis_core.py:init_driver:27 | init driver ok
[17:11:36][INFO] order.fgis_core fgis_core.py:init_driver:29 | set window_size
[17:11:37][INFO] order.fgis_core fgis_core.py:init_driver:31 | open url https://rosreestr.ru/wps/portal/p/cc_present/ir_egrn
[17:11:37][INFO] order.fgis_core fgis_core.py:init_driver:33 | start login
[17:11:43][INFO] order.fgis_core fgis_core.py:init_driver:35 | finish login
[17:11:46][INFO] order.fgis_core fgis_core.py:init_driver:39 | getting menu links
[17:11:46][INFO] order.fgis_core fgis_core.py:init_driver:46 | [ok] finish init RRSurfer
[17:11:46][INFO] order.fgis_core.ordering ordering.py:order_document:10 | [START] Start ordering document: 01:06:2500009:259
[17:11:46][INFO] order.fgis_core.ordering ordering.py:order_document:27 | region name: Республика Адыгея
[17:17:04][INFO] order fgis_consumer.py:run:36 |  [*] Start Consumer | Mode order
[17:17:04][INFO] order fgis_consumer.py:receiver:40 |  [+] Received Message b'{"order_id": 6, "method": "to_order", "cad_num": "01:06:2500009:259", "fgis_token": "1d9deb88-8d5f-40a4-a58e-b9520430d053", "answer_queue": "answer_order"}'
[17:17:04][INFO] order.fgis_core fgis_core.py:init_driver:25 | start driver init
[17:17:05][INFO] order.fgis_core fgis_core.py:init_driver:27 | init driver ok
[17:17:05][INFO] order.fgis_core fgis_core.py:init_driver:29 | set window_size
[17:17:07][INFO] order.fgis_core fgis_core.py:init_driver:31 | open url https://rosreestr.ru/wps/portal/p/cc_present/ir_egrn
[17:17:07][INFO] order.fgis_core fgis_core.py:init_driver:33 | start login
[17:17:12][INFO] order.fgis_core fgis_core.py:init_driver:35 | finish login
[17:17:15][INFO] order.fgis_core fgis_core.py:init_driver:39 | getting menu links
[17:17:15][INFO] order.fgis_core fgis_core.py:init_driver:46 | [ok] finish init RRSurfer
[17:17:15][INFO] order.fgis_core.ordering ordering.py:order_document:10 | [START] Start ordering document: 01:06:2500009:259
[17:17:20][ERROR] order.fgis_core.ordering ordering.py:order_document:27 | region name: Республика Адыгея
[17:17:59][INFO] order fgis_consumer.py:run:36 |  [*] Start Consumer | Mode order
[17:17:59][INFO] order fgis_consumer.py:receiver:40 |  [+] Received Message b'{"order_id": 6, "method": "to_order", "cad_num": "01:06:2500009:259", "fgis_token": "1d9deb88-8d5f-40a4-a58e-b9520430d053", "answer_queue": "answer_order"}'
[17:17:59][INFO] order.fgis_core fgis_core.py:init_driver:25 | start driver init
[17:18:00][INFO] order.fgis_core fgis_core.py:init_driver:27 | init driver ok
[17:18:00][INFO] order.fgis_core fgis_core.py:init_driver:29 | set window_size
[17:18:02][INFO] order.fgis_core fgis_core.py:init_driver:31 | open url https://rosreestr.ru/wps/portal/p/cc_present/ir_egrn
[17:18:02][INFO] order.fgis_core fgis_core.py:init_driver:33 | start login
[17:18:07][INFO] order.fgis_core fgis_core.py:init_driver:35 | finish login
[17:18:11][INFO] order.fgis_core fgis_core.py:init_driver:39 | getting menu links
[17:18:11][INFO] order.fgis_core fgis_core.py:init_driver:46 | [ok] finish init RRSurfer
[17:18:11][INFO] order.fgis_core.ordering ordering.py:order_document:10 | [START] Start ordering document: 01:06:2500009:259
[17:18:19][ERROR] order.fgis_core.ordering ordering.py:order_document:28 | region name: Республика Адыгея
[17:18:38][INFO] order.fgis_core.ordering ordering.py:order_document:62 | [FINISH] Finish ordering document: 01:06:2500009:259
[17:18:38][INFO] order.fgis_worker fgis_worker.py:to_order:55 | RESULT DICT
[17:35:02][INFO] order fgis_consumer.py:run:36 |  [*] Start Consumer | Mode order
[17:35:17][INFO] order fgis_consumer.py:receiver:40 |  [+] Received Message b'{"order_id": 7, "method": "to_order", "cad_num": "01:06:2500009:259", "fgis_token": "1d9deb88-8d5f-40a4-a58e-b9520430d053", "answer_queue": "answer_order"}'
[17:35:17][INFO] order.fgis_core fgis_core.py:init_driver:25 | start driver init
[17:35:18][INFO] order.fgis_core fgis_core.py:init_driver:28 | init driver ok
[17:35:18][INFO] order.fgis_core fgis_core.py:init_driver:30 | set window_size
[17:35:20][INFO] order.fgis_core fgis_core.py:init_driver:32 | open url https://rosreestr.ru/wps/portal/p/cc_present/ir_egrn
[17:35:20][INFO] order.fgis_core fgis_core.py:init_driver:34 | start login
[17:35:25][INFO] order.fgis_core fgis_core.py:init_driver:36 | finish login
[17:35:28][INFO] order.fgis_core fgis_core.py:init_driver:40 | getting menu links
[17:35:28][INFO] order.fgis_core fgis_core.py:init_driver:47 | [ok] finish init RRSurfer
[17:35:28][INFO] order.fgis_core.ordering ordering.py:order_document:10 | [START] Start ordering document: 01:06:2500009:259
[17:35:29][ERROR] order.fgis_core.ordering ordering.py:order_document:27 | region name: Республика Адыгея
[17:58:27][INFO] order fgis_consumer.py:run:36 |  [*] Start Consumer | Mode order
[17:58:27][INFO] order fgis_consumer.py:receiver:40 |  [+] Received Message b'{"order_id": 7, "method": "to_order", "cad_num": "01:06:2500009:259", "fgis_token": "1d9deb88-8d5f-40a4-a58e-b9520430d053", "answer_queue": "answer_order"}'
[17:58:27][INFO] order.fgis_core fgis_core.py:init_driver:25 | start driver init
[17:58:28][INFO] order.fgis_core fgis_core.py:init_driver:28 | init driver ok
[17:58:28][INFO] order.fgis_core fgis_core.py:init_driver:30 | set window_size
[17:58:29][INFO] order.fgis_core fgis_core.py:init_driver:32 | open url https://rosreestr.ru/wps/portal/p/cc_present/ir_egrn
[17:58:29][INFO] order.fgis_core fgis_core.py:init_driver:34 | start login
[17:58:35][INFO] order.fgis_core fgis_core.py:init_driver:36 | finish login
[17:58:38][INFO] order.fgis_core fgis_core.py:init_driver:40 | getting menu links
[17:58:38][INFO] order.fgis_core fgis_core.py:init_driver:47 | [ok] finish init RRSurfer
[17:58:38][INFO] order.fgis_core.ordering ordering.py:order_document:10 | [START] Start ordering document: 01:06:2500009:259
[18:04:09][INFO] order fgis_consumer.py:run:36 |  [*] Start Consumer | Mode order
[18:04:09][INFO] order fgis_consumer.py:receiver:40 |  [+] Received Message b'{"order_id": 7, "method": "to_order", "cad_num": "01:06:2500009:259", "fgis_token": "1d9deb88-8d5f-40a4-a58e-b9520430d053", "answer_queue": "answer_order"}'
[18:04:09][INFO] order.fgis_core fgis_core.py:init_driver:25 | start driver init
[18:04:10][INFO] order.fgis_core fgis_core.py:init_driver:28 | init driver ok
[18:04:10][INFO] order.fgis_core fgis_core.py:init_driver:30 | set window_size
[18:04:12][INFO] order.fgis_core fgis_core.py:init_driver:32 | open url https://rosreestr.ru/wps/portal/p/cc_present/ir_egrn
[18:04:12][INFO] order.fgis_core fgis_core.py:init_driver:34 | start login
[18:04:18][INFO] order.fgis_core fgis_core.py:init_driver:36 | finish login
[18:04:21][INFO] order.fgis_core fgis_core.py:init_driver:40 | getting menu links
[18:04:21][INFO] order.fgis_core fgis_core.py:init_driver:47 | [ok] finish init RRSurfer
[18:04:21][INFO] order.fgis_core.ordering ordering.py:order_document:10 | [START] Start ordering document: 01:06:2500009:259
[18:04:26][ERROR] order.fgis_core.ordering ordering.py:order_document:28 | region name: Республика Адыгея
[18:04:46][INFO] order fgis_consumer.py:run:36 |  [*] Start Consumer | Mode order
[18:04:46][INFO] order fgis_consumer.py:receiver:40 |  [+] Received Message b'{"order_id": 7, "method": "to_order", "cad_num": "01:06:2500009:259", "fgis_token": "1d9deb88-8d5f-40a4-a58e-b9520430d053", "answer_queue": "answer_order"}'
[18:04:46][INFO] order.fgis_core fgis_core.py:init_driver:25 | start driver init
[18:04:47][INFO] order.fgis_core fgis_core.py:init_driver:28 | init driver ok
[18:04:47][INFO] order.fgis_core fgis_core.py:init_driver:30 | set window_size
[18:04:49][INFO] order.fgis_core fgis_core.py:init_driver:32 | open url https://rosreestr.ru/wps/portal/p/cc_present/ir_egrn
[18:04:49][INFO] order.fgis_core fgis_core.py:init_driver:34 | start login
[18:04:55][INFO] order.fgis_core fgis_core.py:init_driver:36 | finish login
[18:04:58][INFO] order.fgis_core fgis_core.py:init_driver:40 | getting menu links
[18:04:58][INFO] order.fgis_core fgis_core.py:init_driver:47 | [ok] finish init RRSurfer
[18:04:58][INFO] order.fgis_core.ordering ordering.py:order_document:10 | [START] Start ordering document: 01:06:2500009:259
[18:04:58][ERROR] order.fgis_core.ordering ordering.py:order_document:28 | region name: Республика Адыгея
[18:05:23][INFO] order.fgis_core.ordering ordering.py:order_document:63 | [FINISH] Finish ordering document: 01:06:2500009:259
[18:05:23][INFO] order.fgis_worker fgis_worker.py:to_order:55 | RESULT DICT
